2026-06-29 19:39:39 | INFO | BI | === RUN START ===
2026-06-29 19:39:39 | INFO | BI | project=BI
2026-06-29 19:39:39 | INFO | BI | repo_dir=bintel-02-mining
2026-06-29 19:39:39 | INFO | BI | python=3.14.0
2026-06-29 19:39:39 | INFO | BI | os=Windows 11
2026-06-29 19:39:39 | INFO | BI | shell=powershell
2026-06-29 19:39:39 | INFO | BI | cwd=.
2026-06-29 19:39:39 | INFO | BI | github_actions=False
2026-06-29 19:39:39 | INFO | BI | ========================
2026-06-29 19:39:39 | INFO | BI | START main()
2026-06-29 19:39:39 | INFO | BI | ========================
2026-06-29 19:39:39 | INFO | BI | Raw data:  = data\raw
2026-06-29 19:39:39 | INFO | BI | Customers: = data\raw\customers_data.csv
2026-06-29 19:39:39 | INFO | BI | Products:  = data\raw\products_data.csv
2026-06-29 19:39:39 | INFO | BI | Sales:     = data\raw\sales_data.csv
2026-06-29 19:39:39 | INFO | BI | CALL a function to load each dataset.............
2026-06-29 19:39:39 | INFO | BI | Loading customers from data\raw\customers_data.csv
2026-06-29 19:39:39 | INFO | BI | Loaded: 201 rows, 4 columns
2026-06-29 19:39:39 | INFO | BI | Loading products from data\raw\products_data.csv
2026-06-29 19:39:39 | INFO | BI | Loaded: 100 rows, 4 columns
2026-06-29 19:39:39 | INFO | BI | Loading sales from data\raw\sales_data.csv
2026-06-29 19:39:39 | INFO | BI | Loaded: 2001 rows, 7 columns
2026-06-29 19:39:39 | INFO | BI | CALL a function to inspect each dataset..........
2026-06-29 19:39:39 | INFO | BI | Inspecting customers
2026-06-29 19:39:39 | INFO | BI |   Columns: ['CustomerID', 'Name', 'Region', 'JoinDate']
2026-06-29 19:39:39 | INFO | BI |   Shape:   201 rows x 4 columns
2026-06-29 19:39:39 | DEBUG | BI | 
   CustomerID           Name   Region    JoinDate
0        1000   Robert Gomez     West  2024-02-25
1        1001     John Silva     East  2020-12-01
2        1002  Mark Marshall  Central  2020-08-08
3        1003  David Brennan    North  2020-05-21
4        1004  Kerry Collins    North  2023-09-12

2026-06-29 19:39:39 | INFO | BI | Inspecting products
2026-06-29 19:39:39 | INFO | BI |   Columns: ['ProductID', 'ProductName', 'Category', 'UnitPrice']
2026-06-29 19:39:39 | INFO | BI |   Shape:   100 rows x 4 columns
2026-06-29 19:39:39 | DEBUG | BI | 
   ProductID           ProductName     Category  UnitPrice
0       2000    Electronics-Signal  Electronics     969.31
1       2001     Electronics-Boost  Electronics     412.35
2       2002         Office-Family       Office     866.00
3       2003  Electronics-Training  Electronics     385.18
4       2004          Office-Where       Office     927.25

2026-06-29 19:39:39 | INFO | BI | Inspecting sales
2026-06-29 19:39:39 | INFO | BI |   Columns: ['TransactionID', 'SaleDate', 'CustomerID', 'ProductID', 'StoreID', 'CampaignID', 'SaleAmount']
2026-06-29 19:39:39 | INFO | BI |   Shape:   2001 rows x 7 columns
2026-06-29 19:39:39 | DEBUG | BI | 
   TransactionID    SaleDate  CustomerID  ProductID  StoreID  CampaignID SaleAmount
0              1  2025-05-04        1034       2059      402         0.0     2048.2
1              2  2025-05-04        1066       2048      403         1.0     321.87
2              3  2025-05-04        1116       2041      403         3.0    3216.84
3              4  2025-05-04        1071       2096      404         2.0    1613.23
4              5  2025-05-04        1020       2060      401         0.0     408.38

2026-06-29 19:39:39 | INFO | BI | CALL a function to check data quality of each dataset........
2026-06-29 19:39:39 | INFO | BI | Quality check: customers
2026-06-29 19:39:39 | INFO | BI |   Total missing values: 0
2026-06-29 19:39:39 | INFO | BI |   Duplicate rows: 1
2026-06-29 19:39:39 | WARNING | BI |   1 duplicate row(s) found - review before loading to warehouse
2026-06-29 19:39:39 | INFO | BI | Quality check: products
2026-06-29 19:39:39 | INFO | BI |   Total missing values: 0
2026-06-29 19:39:39 | INFO | BI |   Duplicate rows: 0
2026-06-29 19:39:39 | INFO | BI | Quality check: sales
2026-06-29 19:39:39 | INFO | BI |   Total missing values: 1
2026-06-29 19:39:39 | WARNING | BI |   Missing by column:
CampaignID    1
dtype: int64
2026-06-29 19:39:39 | INFO | BI |   Duplicate rows: 1
2026-06-29 19:39:39 | WARNING | BI |   1 duplicate row(s) found - review before loading to warehouse
2026-06-29 19:39:39 | INFO | BI | CALL a function to summarize numeric columns in each dataset........
2026-06-29 19:39:39 | INFO | BI | Numeric summary: customers
2026-06-29 19:39:39 | INFO | BI | 
       CustomerID
count      201.00
mean      1099.03
std         58.12
min       1000.00
25%       1049.00
50%       1099.00
75%       1149.00
max       1199.00
2026-06-29 19:39:39 | INFO | BI | Numeric summary: products
2026-06-29 19:39:39 | INFO | BI | 
       ProductID  UnitPrice
count     100.00     100.00
mean     2049.50     507.77
std        29.01     290.80
min      2000.00      13.51
25%      2024.75     255.53
50%      2049.50     496.39
75%      2074.25     771.28
max      2099.00     976.44
2026-06-29 19:39:39 | INFO | BI | Numeric summary: sales
2026-06-29 19:39:39 | INFO | BI | 
       TransactionID  CustomerID  ProductID  StoreID  CampaignID
count        2001.00     2001.00    2001.00  2001.00     2000.00
mean         1000.00     1103.90    2050.44   402.55        1.50
std           577.78      207.52      28.59     1.12        1.12
min             1.00     1000.00    2000.00   401.00        0.00
25%           500.00     1046.00    2025.00   402.00        0.00
50%          1000.00     1099.00    2051.00   403.00        2.00
75%          1500.00     1150.00    2076.00   404.00        2.00
max          2000.00     9999.00    2099.00   404.00        3.00
2026-06-29 19:39:39 | INFO | BI | CALL a function to plot price distribution........
2026-06-29 19:39:39 | INFO | BI | Plotting price distribution
2026-06-29 19:39:40 | INFO | BI | Price distribution chart created
2026-06-29 19:39:40 | INFO | BI | CALL a function to plot sales trend over time........
2026-06-29 19:39:40 | INFO | BI | Plotting sales trend over time
2026-06-29 19:39:40 | INFO | BI | Creating chart: Total Sales by Month
2026-06-29 19:39:40 | INFO | BI | Sales trend chart created
2026-06-29 19:39:40 | INFO | BI | CALL a function to summarize the datasets........
2026-06-29 19:39:40 | INFO | BI | ========================
2026-06-29 19:39:40 | INFO | BI | SUMMARY
2026-06-29 19:39:40 | INFO | BI | ========================
2026-06-29 19:39:40 | INFO | BI | Customers:  201 rows, 4 columns
2026-06-29 19:39:40 | INFO | BI | Products:   100 rows, 4 columns
2026-06-29 19:39:40 | INFO | BI | Sales:      2001 rows, 7 columns
2026-06-29 19:39:40 | INFO | BI | ========================
2026-06-29 19:39:40 | INFO | BI | ANALYST NOTES:
2026-06-29 19:39:40 | INFO | BI | Any inconsistent data should be reviewed later.
2026-06-29 19:39:40 | INFO | BI | Any duplicate rows should be reviewed later.
2026-06-29 19:39:40 | INFO | BI | Cleaning and data preparation will be done in a later module.
2026-06-29 19:39:40 | INFO | BI | ========================
2026-06-29 19:39:40 | INFO | BI | CALL a function to show charts........
2026-06-29 19:47:10 | INFO | BI | Workflow complete
2026-06-29 19:47:10 | INFO | BI | CLOSE chart windows to continue.
2026-06-29 19:47:10 | INFO | BI | Terminate this process with CTRL+c as needed.
2026-06-29 19:47:10 | INFO | BI | ========================
2026-06-29 19:47:10 | INFO | BI | Executed successfully!
2026-06-29 19:47:10 | INFO | BI | ========================
2026-06-29 19:47:14 | INFO | BI | === RUN START ===
2026-06-29 19:47:14 | INFO | BI | project=BI
2026-06-29 19:47:14 | INFO | BI | repo_dir=bintel-02-mining
2026-06-29 19:47:14 | INFO | BI | python=3.14.0
2026-06-29 19:47:14 | INFO | BI | os=Windows 11
2026-06-29 19:47:14 | INFO | BI | shell=powershell
2026-06-29 19:47:14 | INFO | BI | cwd=.
2026-06-29 19:47:14 | INFO | BI | github_actions=False
2026-06-29 19:47:14 | INFO | BI | ========================
2026-06-29 19:47:14 | INFO | BI | START main()
2026-06-29 19:47:14 | INFO | BI | ========================
2026-06-29 19:47:14 | INFO | BI | Raw data:  = data\raw
2026-06-29 19:47:14 | INFO | BI | Customers: = data\raw\customers_data.csv
2026-06-29 19:47:14 | INFO | BI | Products:  = data\raw\products_data.csv
2026-06-29 19:47:14 | INFO | BI | Sales:     = data\raw\sales_data.csv
2026-06-29 19:47:14 | INFO | BI | CALL a function to load each dataset.............
2026-06-29 19:47:14 | INFO | BI | Loading customers from data\raw\customers_data.csv
2026-06-29 19:47:14 | INFO | BI | Loaded: 201 rows, 4 columns
2026-06-29 19:47:14 | INFO | BI | Loading products from data\raw\products_data.csv
2026-06-29 19:47:14 | INFO | BI | Loaded: 100 rows, 4 columns
2026-06-29 19:47:14 | INFO | BI | Loading sales from data\raw\sales_data.csv
2026-06-29 19:47:14 | INFO | BI | Loaded: 2400 rows, 7 columns
2026-06-29 19:47:14 | INFO | BI | CALL a function to inspect each dataset..........
2026-06-29 19:47:14 | INFO | BI | Inspecting customers
2026-06-29 19:47:14 | INFO | BI |   Columns: ['CustomerID', 'Name', 'Region', 'JoinDate']
2026-06-29 19:47:14 | INFO | BI |   Shape:   201 rows x 4 columns
2026-06-29 19:47:14 | DEBUG | BI | 
   CustomerID           Name   Region    JoinDate
0        1000   Robert Gomez     West  2024-02-25
1        1001     John Silva     East  2020-12-01
2        1002  Mark Marshall  Central  2020-08-08
3        1003  David Brennan    North  2020-05-21
4        1004  Kerry Collins    North  2023-09-12

2026-06-29 19:47:14 | INFO | BI | Inspecting products
2026-06-29 19:47:14 | INFO | BI |   Columns: ['ProductID', 'ProductName', 'Category', 'UnitPrice']
2026-06-29 19:47:14 | INFO | BI |   Shape:   100 rows x 4 columns
2026-06-29 19:47:14 | DEBUG | BI | 
   ProductID           ProductName     Category  UnitPrice
0       2000    Electronics-Signal  Electronics     969.31
1       2001     Electronics-Boost  Electronics     412.35
2       2002         Office-Family       Office     866.00
3       2003  Electronics-Training  Electronics     385.18
4       2004          Office-Where       Office     927.25

2026-06-29 19:47:14 | INFO | BI | Inspecting sales
2026-06-29 19:47:14 | INFO | BI |   Columns: ['TransactionID', 'SaleDate', 'CustomerID', 'ProductID', 'StoreID', 'CampaignID', 'SaleAmount']
2026-06-29 19:47:14 | INFO | BI |   Shape:   2400 rows x 7 columns
2026-06-29 19:47:14 | DEBUG | BI | 
   TransactionID    SaleDate  CustomerID  ProductID  StoreID  CampaignID SaleAmount
0              1  2025-01-09        1020       2023      401         0.0     643.02
1              2  2024-07-10        1034       2091      404         2.0     529.24
2              3  2025-03-22        1087       2035      403         3.0    4313.72
3              4  2024-12-27        1186       2015      404         NaN    1275.85
4              5  2025-04-21        1049       2005      402         0.0    1739.64

2026-06-29 19:47:14 | INFO | BI | CALL a function to check data quality of each dataset........
2026-06-29 19:47:14 | INFO | BI | Quality check: customers
2026-06-29 19:47:14 | INFO | BI |   Total missing values: 0
2026-06-29 19:47:14 | INFO | BI |   Duplicate rows: 1
2026-06-29 19:47:14 | WARNING | BI |   1 duplicate row(s) found - review before loading to warehouse
2026-06-29 19:47:14 | INFO | BI | Quality check: products
2026-06-29 19:47:14 | INFO | BI |   Total missing values: 0
2026-06-29 19:47:14 | INFO | BI |   Duplicate rows: 0
2026-06-29 19:47:14 | INFO | BI | Quality check: sales
2026-06-29 19:47:14 | INFO | BI |   Total missing values: 193
2026-06-29 19:47:14 | WARNING | BI |   Missing by column:
CampaignID    193
dtype: int64
2026-06-29 19:47:14 | INFO | BI |   Duplicate rows: 0
2026-06-29 19:47:14 | INFO | BI | CALL a function to summarize numeric columns in each dataset........
2026-06-29 19:47:14 | INFO | BI | Numeric summary: customers
2026-06-29 19:47:14 | INFO | BI | 
       CustomerID
count      201.00
mean      1099.03
std         58.12
min       1000.00
25%       1049.00
50%       1099.00
75%       1149.00
max       1199.00
2026-06-29 19:47:14 | INFO | BI | Numeric summary: products
2026-06-29 19:47:14 | INFO | BI | 
       ProductID  UnitPrice
count     100.00     100.00
mean     2049.50     507.77
std        29.01     290.80
min      2000.00      13.51
25%      2024.75     255.53
50%      2049.50     496.39
75%      2074.25     771.28
max      2099.00     976.44
2026-06-29 19:47:14 | INFO | BI | Numeric summary: sales
2026-06-29 19:47:14 | INFO | BI | 
       TransactionID  CustomerID  ProductID  StoreID  CampaignID
count        2400.00     2400.00    2400.00  2400.00     2207.00
mean         1200.50     1086.75    2049.07   402.53        1.46
std           692.96       57.32      28.67     1.13        1.12
min             1.00     1000.00    2000.00   401.00        0.00
25%           600.75     1034.00    2023.00   402.00        0.00
50%          1200.50     1079.00    2046.00   403.00        1.00
75%          1800.25     1132.00    2074.00   404.00        2.00
max          2400.00     1199.00    2099.00   404.00        3.00
2026-06-29 19:47:14 | INFO | BI | CALL a function to plot price distribution........
2026-06-29 19:47:14 | INFO | BI | Plotting price distribution
2026-06-29 19:47:14 | INFO | BI | Price distribution chart created
2026-06-29 19:47:14 | INFO | BI | CALL a function to plot sales trend over time........
2026-06-29 19:47:14 | INFO | BI | Plotting sales trend over time
2026-06-29 19:47:14 | INFO | BI | Creating chart: Total Sales by Month
2026-06-29 19:47:14 | INFO | BI | Sales trend chart created
2026-06-29 19:47:14 | INFO | BI | CALL a function to summarize the datasets........
2026-06-29 19:47:14 | INFO | BI | ========================
2026-06-29 19:47:14 | INFO | BI | SUMMARY
2026-06-29 19:47:14 | INFO | BI | ========================
2026-06-29 19:47:14 | INFO | BI | Customers:  201 rows, 4 columns
2026-06-29 19:47:14 | INFO | BI | Products:   100 rows, 4 columns
2026-06-29 19:47:14 | INFO | BI | Sales:      2400 rows, 7 columns
2026-06-29 19:47:14 | INFO | BI | ========================
2026-06-29 19:47:14 | INFO | BI | ANALYST NOTES:
2026-06-29 19:47:14 | INFO | BI | Any inconsistent data should be reviewed later.
2026-06-29 19:47:14 | INFO | BI | Any duplicate rows should be reviewed later.
2026-06-29 19:47:14 | INFO | BI | Cleaning and data preparation will be done in a later module.
2026-06-29 19:47:14 | INFO | BI | ========================
2026-06-29 19:47:14 | INFO | BI | CALL a function to show charts........
2026-06-29 19:47:25 | INFO | BI | Workflow complete
2026-06-29 19:47:25 | INFO | BI | CLOSE chart windows to continue.
2026-06-29 19:47:25 | INFO | BI | Terminate this process with CTRL+c as needed.
2026-06-29 19:47:25 | INFO | BI | ========================
2026-06-29 19:47:25 | INFO | BI | Executed successfully!
2026-06-29 19:47:25 | INFO | BI | ========================
2026-06-29 19:47:45 | INFO | BI | === RUN START ===
2026-06-29 19:47:45 | INFO | BI | project=BI
2026-06-29 19:47:45 | INFO | BI | repo_dir=bintel-02-mining
2026-06-29 19:47:45 | INFO | BI | python=3.14.0
2026-06-29 19:47:45 | INFO | BI | os=Windows 11
2026-06-29 19:47:45 | INFO | BI | shell=powershell
2026-06-29 19:47:45 | INFO | BI | cwd=.
2026-06-29 19:47:45 | INFO | BI | github_actions=False
2026-06-29 19:47:45 | INFO | BI | ========================
2026-06-29 19:47:45 | INFO | BI | START main()
2026-06-29 19:47:45 | INFO | BI | ========================
2026-06-29 19:47:45 | INFO | BI | Raw data:  = data\raw
2026-06-29 19:47:45 | INFO | BI | Customers: = data\raw\customers_data.csv
2026-06-29 19:47:45 | INFO | BI | Products:  = data\raw\products_data.csv
2026-06-29 19:47:45 | INFO | BI | Sales:     = data\raw\sales_data.csv
2026-06-29 19:47:45 | INFO | BI | CALL a function to load each dataset.............
2026-06-29 19:47:45 | INFO | BI | Loading customers from data\raw\customers_data.csv
2026-06-29 19:47:45 | INFO | BI | Loaded: 201 rows, 4 columns
2026-06-29 19:47:45 | INFO | BI | Loading products from data\raw\products_data.csv
2026-06-29 19:47:45 | INFO | BI | Loaded: 100 rows, 4 columns
2026-06-29 19:47:45 | INFO | BI | Loading sales from data\raw\sales_data.csv
2026-06-29 19:47:45 | INFO | BI | Loaded: 2400 rows, 7 columns
2026-06-29 19:47:45 | INFO | BI | CALL a function to inspect each dataset..........
2026-06-29 19:47:45 | INFO | BI | Inspecting customers
2026-06-29 19:47:45 | INFO | BI |   Columns: ['CustomerID', 'Name', 'Region', 'JoinDate']
2026-06-29 19:47:45 | INFO | BI |   Shape:   201 rows x 4 columns
2026-06-29 19:47:45 | DEBUG | BI | 
   CustomerID           Name   Region    JoinDate
0        1000   Robert Gomez     West  2024-02-25
1        1001     John Silva     East  2020-12-01
2        1002  Mark Marshall  Central  2020-08-08
3        1003  David Brennan    North  2020-05-21
4        1004  Kerry Collins    North  2023-09-12

2026-06-29 19:47:45 | INFO | BI | Inspecting products
2026-06-29 19:47:45 | INFO | BI |   Columns: ['ProductID', 'ProductName', 'Category', 'UnitPrice']
2026-06-29 19:47:45 | INFO | BI |   Shape:   100 rows x 4 columns
2026-06-29 19:47:45 | DEBUG | BI | 
   ProductID           ProductName     Category  UnitPrice
0       2000    Electronics-Signal  Electronics     969.31
1       2001     Electronics-Boost  Electronics     412.35
2       2002         Office-Family       Office     866.00
3       2003  Electronics-Training  Electronics     385.18
4       2004          Office-Where       Office     927.25

2026-06-29 19:47:45 | INFO | BI | Inspecting sales
2026-06-29 19:47:45 | INFO | BI |   Columns: ['TransactionID', 'SaleDate', 'CustomerID', 'ProductID', 'StoreID', 'CampaignID', 'SaleAmount']
2026-06-29 19:47:45 | INFO | BI |   Shape:   2400 rows x 7 columns
2026-06-29 19:47:45 | DEBUG | BI | 
   TransactionID    SaleDate  CustomerID  ProductID  StoreID  CampaignID SaleAmount
0              1  2025-01-09        1020       2023      401         0.0     643.02
1              2  2024-07-10        1034       2091      404         2.0     529.24
2              3  2025-03-22        1087       2035      403         3.0    4313.72
3              4  2024-12-27        1186       2015      404         NaN    1275.85
4              5  2025-04-21        1049       2005      402         0.0    1739.64

2026-06-29 19:47:45 | INFO | BI | CALL a function to check data quality of each dataset........
2026-06-29 19:47:45 | INFO | BI | Quality check: customers
2026-06-29 19:47:45 | INFO | BI |   Total missing values: 0
2026-06-29 19:47:45 | INFO | BI |   Duplicate rows: 1
2026-06-29 19:47:45 | WARNING | BI |   1 duplicate row(s) found - review before loading to warehouse
2026-06-29 19:47:45 | INFO | BI | Quality check: products
2026-06-29 19:47:45 | INFO | BI |   Total missing values: 0
2026-06-29 19:47:45 | INFO | BI |   Duplicate rows: 0
2026-06-29 19:47:45 | INFO | BI | Quality check: sales
2026-06-29 19:47:45 | INFO | BI |   Total missing values: 193
2026-06-29 19:47:45 | WARNING | BI |   Missing by column:
CampaignID    193
dtype: int64
2026-06-29 19:47:45 | INFO | BI |   Duplicate rows: 0
2026-06-29 19:47:45 | INFO | BI | CALL a function to summarize numeric columns in each dataset........
2026-06-29 19:47:45 | INFO | BI | Numeric summary: customers
2026-06-29 19:47:45 | INFO | BI | 
       CustomerID
count      201.00
mean      1099.03
std         58.12
min       1000.00
25%       1049.00
50%       1099.00
75%       1149.00
max       1199.00
2026-06-29 19:47:45 | INFO | BI | Numeric summary: products
2026-06-29 19:47:45 | INFO | BI | 
       ProductID  UnitPrice
count     100.00     100.00
mean     2049.50     507.77
std        29.01     290.80
min      2000.00      13.51
25%      2024.75     255.53
50%      2049.50     496.39
75%      2074.25     771.28
max      2099.00     976.44
2026-06-29 19:47:45 | INFO | BI | Numeric summary: sales
2026-06-29 19:47:45 | INFO | BI | 
       TransactionID  CustomerID  ProductID  StoreID  CampaignID
count        2400.00     2400.00    2400.00  2400.00     2207.00
mean         1200.50     1086.75    2049.07   402.53        1.46
std           692.96       57.32      28.67     1.13        1.12
min             1.00     1000.00    2000.00   401.00        0.00
25%           600.75     1034.00    2023.00   402.00        0.00
50%          1200.50     1079.00    2046.00   403.00        1.00
75%          1800.25     1132.00    2074.00   404.00        2.00
max          2400.00     1199.00    2099.00   404.00        3.00
2026-06-29 19:47:45 | INFO | BI | CALL a function to plot price distribution........
2026-06-29 19:47:45 | INFO | BI | Plotting price distribution
2026-06-29 19:47:46 | INFO | BI | Price distribution chart created
2026-06-29 19:47:46 | INFO | BI | CALL a function to plot sales trend over time........
2026-06-29 19:47:46 | INFO | BI | Plotting sales trend over time
2026-06-29 19:47:46 | INFO | BI | Creating chart: Total Sales by Month
2026-06-29 19:47:46 | INFO | BI | Sales trend chart created
2026-06-29 19:47:46 | INFO | BI | CALL a function to summarize the datasets........
2026-06-29 19:47:46 | INFO | BI | ========================
2026-06-29 19:47:46 | INFO | BI | SUMMARY
2026-06-29 19:47:46 | INFO | BI | ========================
2026-06-29 19:47:46 | INFO | BI | Customers:  201 rows, 4 columns
2026-06-29 19:47:46 | INFO | BI | Products:   100 rows, 4 columns
2026-06-29 19:47:46 | INFO | BI | Sales:      2400 rows, 7 columns
2026-06-29 19:47:46 | INFO | BI | ========================
2026-06-29 19:47:46 | INFO | BI | ANALYST NOTES:
2026-06-29 19:47:46 | INFO | BI | Any inconsistent data should be reviewed later.
2026-06-29 19:47:46 | INFO | BI | Any duplicate rows should be reviewed later.
2026-06-29 19:47:46 | INFO | BI | Cleaning and data preparation will be done in a later module.
2026-06-29 19:47:46 | INFO | BI | ========================
2026-06-29 19:47:46 | INFO | BI | CALL a function to show charts........
2026-06-29 20:00:44 | INFO | BI | Workflow complete
2026-06-29 20:00:44 | INFO | BI | CLOSE chart windows to continue.
2026-06-29 20:00:44 | INFO | BI | Terminate this process with CTRL+c as needed.
2026-06-29 20:00:44 | INFO | BI | ========================
2026-06-29 20:00:44 | INFO | BI | Executed successfully!
2026-06-29 20:00:44 | INFO | BI | ========================
2026-06-29 20:00:53 | INFO | BI | === RUN START ===
2026-06-29 20:00:53 | INFO | BI | project=BI
2026-06-29 20:00:53 | INFO | BI | repo_dir=bintel-02-mining
2026-06-29 20:00:53 | INFO | BI | python=3.14.0
2026-06-29 20:00:53 | INFO | BI | os=Windows 11
2026-06-29 20:00:53 | INFO | BI | shell=powershell
2026-06-29 20:00:53 | INFO | BI | cwd=.
2026-06-29 20:00:53 | INFO | BI | github_actions=False
2026-06-29 20:00:53 | INFO | BI | ========================
2026-06-29 20:00:53 | INFO | BI | START main()
2026-06-29 20:00:53 | INFO | BI | ========================
2026-06-29 20:00:53 | INFO | BI | Raw data:  = data\raw
2026-06-29 20:00:53 | INFO | BI | Customers: = data\raw\customers_data.csv
2026-06-29 20:00:53 | INFO | BI | Products:  = data\raw\products_data.csv
2026-06-29 20:00:53 | INFO | BI | Sales:     = data\raw\sales_data.csv
2026-06-29 20:00:53 | INFO | BI | CALL a function to load each dataset.............
2026-06-29 20:00:53 | INFO | BI | Loading customers from data\raw\customers_data.csv
2026-06-29 20:00:53 | INFO | BI | Loaded: 201 rows, 4 columns
2026-06-29 20:00:53 | INFO | BI | Loading products from data\raw\products_data.csv
2026-06-29 20:00:53 | INFO | BI | Loaded: 100 rows, 4 columns
2026-06-29 20:00:53 | INFO | BI | Loading sales from data\raw\sales_data.csv
2026-06-29 20:00:53 | INFO | BI | Loaded: 2400 rows, 7 columns
2026-06-29 20:00:53 | INFO | BI | CALL a function to get sales by region........
2026-06-29 20:00:53 | INFO | BI | Aggregating sales by region
2026-06-29 20:00:53 | INFO | BI |   Top region: East ($1,234,686.51)
2026-06-29 20:00:53 | INFO | BI | Returning DataFrame with total sales by region
2026-06-29 20:00:53 | INFO | BI | CALL a function to plot sales by region........
2026-06-29 20:00:53 | INFO | BI | Creating chart: Total Sales by Region
2026-06-29 20:00:53 | INFO | BI | CALL a function to get sales by product category........
2026-06-29 20:00:53 | INFO | BI | Aggregating sales by product category
2026-06-29 20:00:53 | INFO | BI |   Top category: Office ($1,420,376.39)
2026-06-29 20:00:53 | INFO | BI | CALL a function to plot sales by product category........
2026-06-29 20:00:53 | INFO | BI | Creating chart: Total Sales by Product Category
2026-06-29 20:00:53 | INFO | BI | CALL a function to summarize the datasets........
2026-06-29 20:00:53 | INFO | BI | ========================
2026-06-29 20:00:53 | INFO | BI | SUMMARY
2026-06-29 20:00:53 | INFO | BI | ========================
2026-06-29 20:00:53 | INFO | BI | Customers:  201 rows, 4 columns
2026-06-29 20:00:53 | INFO | BI | Products:   100 rows, 4 columns
2026-06-29 20:00:53 | INFO | BI | Sales:      2400 rows, 7 columns
2026-06-29 20:00:53 | INFO | BI | ========================
2026-06-29 20:00:53 | INFO | BI | ANALYST NOTES:
2026-06-29 20:00:53 | INFO | BI | Note any data quality issues.
2026-06-29 20:00:53 | INFO | BI | We will clean data later.
2026-06-29 20:00:53 | INFO | BI | ========================
2026-06-29 20:00:53 | INFO | BI | CALL a function to show charts........
2026-06-29 20:01:48 | INFO | BI | Workflow complete
2026-06-29 20:01:48 | INFO | BI | CLOSE chart windows to continue.
2026-06-29 20:01:48 | INFO | BI | Terminate this process with CTRL+c as needed.
2026-06-29 20:01:48 | INFO | BI | ========================
2026-06-29 20:01:48 | INFO | BI | Executed successfully!
2026-06-29 20:01:48 | INFO | BI | ========================
2026-06-29 20:01:52 | INFO | BI | === RUN START ===
2026-06-29 20:01:52 | INFO | BI | project=BI
2026-06-29 20:01:52 | INFO | BI | repo_dir=bintel-02-mining
2026-06-29 20:01:52 | INFO | BI | python=3.14.0
2026-06-29 20:01:52 | INFO | BI | os=Windows 11
2026-06-29 20:01:52 | INFO | BI | shell=powershell
2026-06-29 20:01:52 | INFO | BI | cwd=.
2026-06-29 20:01:52 | INFO | BI | github_actions=False
2026-06-29 20:01:52 | INFO | BI | ========================
2026-06-29 20:01:52 | INFO | BI | START main()
2026-06-29 20:01:52 | INFO | BI | ========================
2026-06-29 20:01:52 | INFO | BI | Raw data:  = data\raw
2026-06-29 20:01:52 | INFO | BI | Customers: = data\raw\customers_data.csv
2026-06-29 20:01:52 | INFO | BI | Products:  = data\raw\products_data.csv
2026-06-29 20:01:52 | INFO | BI | Sales:     = data\raw\sales_data.csv
2026-06-29 20:01:52 | INFO | BI | CALL a function to load each dataset.............
2026-06-29 20:01:52 | INFO | BI | Loading customers from data\raw\customers_data.csv
2026-06-29 20:01:52 | INFO | BI | Loaded: 201 rows, 4 columns
2026-06-29 20:01:52 | INFO | BI | Loading products from data\raw\products_data.csv
2026-06-29 20:01:52 | INFO | BI | Loaded: 100 rows, 4 columns
2026-06-29 20:01:52 | INFO | BI | Loading sales from data\raw\sales_data.csv
2026-06-29 20:01:52 | INFO | BI | Loaded: 2400 rows, 7 columns
2026-06-29 20:01:52 | INFO | BI | CALL a function to inspect each dataset..........
2026-06-29 20:01:52 | INFO | BI | Inspecting customers
2026-06-29 20:01:52 | INFO | BI |   Columns: ['CustomerID', 'Name', 'Region', 'JoinDate']
2026-06-29 20:01:52 | INFO | BI |   Shape:   201 rows x 4 columns
2026-06-29 20:01:52 | DEBUG | BI | 
   CustomerID           Name   Region    JoinDate
0        1000   Robert Gomez     West  2024-02-25
1        1001     John Silva     East  2020-12-01
2        1002  Mark Marshall  Central  2020-08-08
3        1003  David Brennan    North  2020-05-21
4        1004  Kerry Collins    North  2023-09-12

2026-06-29 20:01:52 | INFO | BI | Inspecting products
2026-06-29 20:01:52 | INFO | BI |   Columns: ['ProductID', 'ProductName', 'Category', 'UnitPrice']
2026-06-29 20:01:52 | INFO | BI |   Shape:   100 rows x 4 columns
2026-06-29 20:01:52 | DEBUG | BI | 
   ProductID           ProductName     Category  UnitPrice
0       2000    Electronics-Signal  Electronics     969.31
1       2001     Electronics-Boost  Electronics     412.35
2       2002         Office-Family       Office     866.00
3       2003  Electronics-Training  Electronics     385.18
4       2004          Office-Where       Office     927.25

2026-06-29 20:01:52 | INFO | BI | Inspecting sales
2026-06-29 20:01:52 | INFO | BI |   Columns: ['TransactionID', 'SaleDate', 'CustomerID', 'ProductID', 'StoreID', 'CampaignID', 'SaleAmount']
2026-06-29 20:01:52 | INFO | BI |   Shape:   2400 rows x 7 columns
2026-06-29 20:01:52 | DEBUG | BI | 
   TransactionID    SaleDate  CustomerID  ProductID  StoreID  CampaignID SaleAmount
0              1  2025-01-09        1020       2023      401         0.0     643.02
1              2  2024-07-10        1034       2091      404         2.0     529.24
2              3  2025-03-22        1087       2035      403         3.0    4313.72
3              4  2024-12-27        1186       2015      404         NaN    1275.85
4              5  2025-04-21        1049       2005      402         0.0    1739.64

2026-06-29 20:01:52 | INFO | BI | CALL a function to check data quality of each dataset........
2026-06-29 20:01:52 | INFO | BI | Quality check: customers
2026-06-29 20:01:52 | INFO | BI |   Total missing values: 0
2026-06-29 20:01:52 | INFO | BI |   Duplicate rows: 1
2026-06-29 20:01:52 | WARNING | BI |   1 duplicate row(s) found - review before loading to warehouse
2026-06-29 20:01:52 | INFO | BI | Quality check: products
2026-06-29 20:01:52 | INFO | BI |   Total missing values: 0
2026-06-29 20:01:52 | INFO | BI |   Duplicate rows: 0
2026-06-29 20:01:52 | INFO | BI | Quality check: sales
2026-06-29 20:01:52 | INFO | BI |   Total missing values: 193
2026-06-29 20:01:52 | WARNING | BI |   Missing by column:
CampaignID    193
dtype: int64
2026-06-29 20:01:52 | INFO | BI |   Duplicate rows: 0
2026-06-29 20:01:52 | INFO | BI | CALL a function to summarize numeric columns in each dataset........
2026-06-29 20:01:52 | INFO | BI | Numeric summary: customers
2026-06-29 20:01:52 | INFO | BI | 
       CustomerID
count      201.00
mean      1099.03
std         58.12
min       1000.00
25%       1049.00
50%       1099.00
75%       1149.00
max       1199.00
2026-06-29 20:01:52 | INFO | BI | Numeric summary: products
2026-06-29 20:01:52 | INFO | BI | 
       ProductID  UnitPrice
count     100.00     100.00
mean     2049.50     507.77
std        29.01     290.80
min      2000.00      13.51
25%      2024.75     255.53
50%      2049.50     496.39
75%      2074.25     771.28
max      2099.00     976.44
2026-06-29 20:01:52 | INFO | BI | Numeric summary: sales
2026-06-29 20:01:52 | INFO | BI | 
       TransactionID  CustomerID  ProductID  StoreID  CampaignID
count        2400.00     2400.00    2400.00  2400.00     2207.00
mean         1200.50     1086.75    2049.07   402.53        1.46
std           692.96       57.32      28.67     1.13        1.12
min             1.00     1000.00    2000.00   401.00        0.00
25%           600.75     1034.00    2023.00   402.00        0.00
50%          1200.50     1079.00    2046.00   403.00        1.00
75%          1800.25     1132.00    2074.00   404.00        2.00
max          2400.00     1199.00    2099.00   404.00        3.00
2026-06-29 20:01:52 | INFO | BI | CALL a function to plot price distribution........
2026-06-29 20:01:52 | INFO | BI | Plotting price distribution
2026-06-29 20:01:52 | INFO | BI | Price distribution chart created
2026-06-29 20:01:52 | INFO | BI | CALL a function to plot sales trend over time........
2026-06-29 20:01:52 | INFO | BI | Plotting sales trend over time
2026-06-29 20:01:52 | INFO | BI | Creating chart: Total Sales by Month
2026-06-29 20:01:52 | INFO | BI | Sales trend chart created
2026-06-29 20:01:52 | INFO | BI | CALL a function to summarize the datasets........
2026-06-29 20:01:52 | INFO | BI | ========================
2026-06-29 20:01:52 | INFO | BI | SUMMARY
2026-06-29 20:01:52 | INFO | BI | ========================
2026-06-29 20:01:52 | INFO | BI | Customers:  201 rows, 4 columns
2026-06-29 20:01:52 | INFO | BI | Products:   100 rows, 4 columns
2026-06-29 20:01:52 | INFO | BI | Sales:      2400 rows, 7 columns
2026-06-29 20:01:52 | INFO | BI | ========================
2026-06-29 20:01:52 | INFO | BI | ANALYST NOTES:
2026-06-29 20:01:52 | INFO | BI | Any inconsistent data should be reviewed later.
2026-06-29 20:01:52 | INFO | BI | Any duplicate rows should be reviewed later.
2026-06-29 20:01:52 | INFO | BI | Cleaning and data preparation will be done in a later module.
2026-06-29 20:01:52 | INFO | BI | ========================
2026-06-29 20:01:52 | INFO | BI | CALL a function to show charts........
2026-06-29 20:03:02 | INFO | BI | Workflow complete
2026-06-29 20:03:02 | INFO | BI | CLOSE chart windows to continue.
2026-06-29 20:03:02 | INFO | BI | Terminate this process with CTRL+c as needed.
2026-06-29 20:03:02 | INFO | BI | ========================
2026-06-29 20:03:02 | INFO | BI | Executed successfully!
2026-06-29 20:03:02 | INFO | BI | ========================
2026-07-04 19:59:45 | INFO | BI | === RUN START ===
2026-07-04 19:59:45 | INFO | BI | project=BI
2026-07-04 19:59:45 | INFO | BI | repo_dir=bintel-02-mining
2026-07-04 19:59:45 | INFO | BI | python=3.14.6
2026-07-04 19:59:45 | INFO | BI | os=Windows 10
2026-07-04 19:59:45 | INFO | BI | shell=powershell
2026-07-04 19:59:45 | INFO | BI | cwd=.
2026-07-04 19:59:45 | INFO | BI | github_actions=False
2026-07-04 19:59:45 | INFO | BI | ========================
2026-07-04 19:59:45 | INFO | BI | START main()
2026-07-04 19:59:45 | INFO | BI | ========================
2026-07-04 19:59:45 | INFO | BI | Raw data:  = data\raw
2026-07-04 19:59:45 | INFO | BI | Customers: = data\raw\customers_data.csv
2026-07-04 19:59:45 | INFO | BI | Products:  = data\raw\products_data.csv
2026-07-04 19:59:45 | INFO | BI | Sales:     = data\raw\sales_data.csv
2026-07-04 19:59:45 | INFO | BI | CALL a function to load each dataset.............
2026-07-04 19:59:45 | INFO | BI | Loading customers from data\raw\customers_data.csv
2026-07-04 19:59:45 | INFO | BI | Loaded: 201 rows, 4 columns
2026-07-04 19:59:45 | INFO | BI | Loading products from data\raw\products_data.csv
2026-07-04 19:59:45 | INFO | BI | Loaded: 100 rows, 4 columns
2026-07-04 19:59:45 | INFO | BI | Loading sales from data\raw\sales_data.csv
2026-07-04 19:59:45 | INFO | BI | Loaded: 2400 rows, 7 columns
2026-07-04 19:59:45 | INFO | BI | CALL a function to get sales by region........
2026-07-04 19:59:45 | INFO | BI | Aggregating sales by region
2026-07-04 19:59:46 | INFO | BI |   Top region: East ($1,234,686.51)
2026-07-04 19:59:46 | INFO | BI | Returning DataFrame with total sales by region
2026-07-04 19:59:46 | INFO | BI | CALL a function to plot sales by region........
2026-07-04 19:59:46 | INFO | BI | Creating chart: Total Sales by Region
2026-07-04 19:59:49 | INFO | BI | CALL a function to get sales by product category........
2026-07-04 19:59:49 | INFO | BI | Aggregating sales by product category
2026-07-04 19:59:49 | INFO | BI |   Top category: Office ($1,420,376.39)
2026-07-04 19:59:50 | INFO | BI | CALL a function to plot sales by product category........
2026-07-04 19:59:50 | INFO | BI | Creating chart: Total Sales by Product Category
2026-07-04 19:59:50 | INFO | BI | CALL a function to summarize the datasets........
2026-07-04 19:59:50 | INFO | BI | ========================
2026-07-04 19:59:50 | INFO | BI | SUMMARY
2026-07-04 19:59:50 | INFO | BI | ========================
2026-07-04 19:59:50 | INFO | BI | Customers:  201 rows, 4 columns
2026-07-04 19:59:50 | INFO | BI | Products:   100 rows, 4 columns
2026-07-04 19:59:50 | INFO | BI | Sales:      2400 rows, 7 columns
2026-07-04 19:59:50 | INFO | BI | ========================
2026-07-04 19:59:50 | INFO | BI | ANALYST NOTES:
2026-07-04 19:59:50 | INFO | BI | Note any data quality issues.
2026-07-04 19:59:50 | INFO | BI | We will clean data later.
2026-07-04 19:59:50 | INFO | BI | ========================
2026-07-04 19:59:50 | INFO | BI | CALL a function to show charts........
2026-07-04 19:59:57 | INFO | BI | Workflow complete
2026-07-04 19:59:57 | INFO | BI | CLOSE chart windows to continue.
2026-07-04 19:59:57 | INFO | BI | Terminate this process with CTRL+c as needed.
2026-07-04 19:59:57 | INFO | BI | ========================
2026-07-04 19:59:57 | INFO | BI | Executed successfully!
2026-07-04 19:59:57 | INFO | BI | ========================
2026-07-04 20:00:43 | INFO | BI | === RUN START ===
2026-07-04 20:00:43 | INFO | BI | project=BI
2026-07-04 20:00:43 | INFO | BI | repo_dir=bintel-02-mining
2026-07-04 20:00:43 | INFO | BI | python=3.14.6
2026-07-04 20:00:43 | INFO | BI | os=Windows 10
2026-07-04 20:00:43 | INFO | BI | shell=powershell
2026-07-04 20:00:43 | INFO | BI | cwd=.
2026-07-04 20:00:43 | INFO | BI | github_actions=False
2026-07-04 20:00:44 | INFO | BI | ========================
2026-07-04 20:00:44 | INFO | BI | START main()
2026-07-04 20:00:44 | INFO | BI | ========================
2026-07-04 20:00:44 | INFO | BI | Raw data:  = data\raw
2026-07-04 20:00:44 | INFO | BI | Customers: = data\raw\customers_data.csv
2026-07-04 20:00:44 | INFO | BI | Products:  = data\raw\products_data.csv
2026-07-04 20:00:44 | INFO | BI | Sales:     = data\raw\sales_data.csv
2026-07-04 20:00:44 | INFO | BI | CALL a function to load each dataset.............
2026-07-04 20:00:44 | INFO | BI | Loading customers from data\raw\customers_data.csv
2026-07-04 20:00:44 | INFO | BI | Loaded: 201 rows, 4 columns
2026-07-04 20:00:44 | INFO | BI | Loading products from data\raw\products_data.csv
2026-07-04 20:00:44 | INFO | BI | Loaded: 100 rows, 4 columns
2026-07-04 20:00:44 | INFO | BI | Loading sales from data\raw\sales_data.csv
2026-07-04 20:00:44 | INFO | BI | Loaded: 2400 rows, 7 columns
2026-07-04 20:00:44 | INFO | BI | CALL a function to inspect each dataset..........
2026-07-04 20:00:44 | INFO | BI | Inspecting customers
2026-07-04 20:00:44 | INFO | BI |   Columns: ['CustomerID', 'Name', 'Region', 'JoinDate']
2026-07-04 20:00:44 | INFO | BI |   Shape:   201 rows x 4 columns
2026-07-04 20:00:44 | DEBUG | BI | 
   CustomerID           Name   Region    JoinDate
0        1000   Robert Gomez     West  2024-02-25
1        1001     John Silva     East  2020-12-01
2        1002  Mark Marshall  Central  2020-08-08
3        1003  David Brennan    North  2020-05-21
4        1004  Kerry Collins    North  2023-09-12

2026-07-04 20:00:44 | INFO | BI | Inspecting products
2026-07-04 20:00:44 | INFO | BI |   Columns: ['ProductID', 'ProductName', 'Category', 'UnitPrice']
2026-07-04 20:00:44 | INFO | BI |   Shape:   100 rows x 4 columns
2026-07-04 20:00:44 | DEBUG | BI | 
   ProductID           ProductName     Category  UnitPrice
0       2000    Electronics-Signal  Electronics     969.31
1       2001     Electronics-Boost  Electronics     412.35
2       2002         Office-Family       Office     866.00
3       2003  Electronics-Training  Electronics     385.18
4       2004          Office-Where       Office     927.25

2026-07-04 20:00:44 | INFO | BI | Inspecting sales
2026-07-04 20:00:44 | INFO | BI |   Columns: ['TransactionID', 'SaleDate', 'CustomerID', 'ProductID', 'StoreID', 'CampaignID', 'SaleAmount']
2026-07-04 20:00:44 | INFO | BI |   Shape:   2400 rows x 7 columns
2026-07-04 20:00:44 | DEBUG | BI | 
   TransactionID    SaleDate  CustomerID  ProductID  StoreID  CampaignID SaleAmount
0              1  2025-01-09        1020       2023      401         0.0     643.02
1              2  2024-07-10        1034       2091      404         2.0     529.24
2              3  2025-03-22        1087       2035      403         3.0    4313.72
3              4  2024-12-27        1186       2015      404         NaN    1275.85
4              5  2025-04-21        1049       2005      402         0.0    1739.64

2026-07-04 20:00:44 | INFO | BI | CALL a function to check data quality of each dataset........
2026-07-04 20:00:45 | INFO | BI | Quality check: customers
2026-07-04 20:00:45 | INFO | BI |   Total missing values: 0
2026-07-04 20:00:45 | INFO | BI |   Duplicate rows: 1
2026-07-04 20:00:45 | WARNING | BI |   1 duplicate row(s) found - review before loading to warehouse
2026-07-04 20:00:45 | INFO | BI | Quality check: products
2026-07-04 20:00:45 | INFO | BI |   Total missing values: 0
2026-07-04 20:00:45 | INFO | BI |   Duplicate rows: 0
2026-07-04 20:00:45 | INFO | BI | Quality check: sales
2026-07-04 20:00:45 | INFO | BI |   Total missing values: 193
2026-07-04 20:00:45 | WARNING | BI |   Missing by column:
CampaignID    193
dtype: int64
2026-07-04 20:00:45 | INFO | BI |   Duplicate rows: 0
2026-07-04 20:00:45 | INFO | BI | CALL a function to summarize numeric columns in each dataset........
2026-07-04 20:00:45 | INFO | BI | Numeric summary: customers
2026-07-04 20:00:45 | INFO | BI | 
       CustomerID
count      201.00
mean      1099.03
std         58.12
min       1000.00
25%       1049.00
50%       1099.00
75%       1149.00
max       1199.00
2026-07-04 20:00:45 | INFO | BI | Numeric summary: products
2026-07-04 20:00:45 | INFO | BI | 
       ProductID  UnitPrice
count     100.00     100.00
mean     2049.50     507.77
std        29.01     290.80
min      2000.00      13.51
25%      2024.75     255.53
50%      2049.50     496.39
75%      2074.25     771.28
max      2099.00     976.44
2026-07-04 20:00:45 | INFO | BI | Numeric summary: sales
2026-07-04 20:00:45 | INFO | BI | 
       TransactionID  CustomerID  ProductID  StoreID  CampaignID
count        2400.00     2400.00    2400.00  2400.00     2207.00
mean         1200.50     1086.75    2049.07   402.53        1.46
std           692.96       57.32      28.67     1.13        1.12
min             1.00     1000.00    2000.00   401.00        0.00
25%           600.75     1034.00    2023.00   402.00        0.00
50%          1200.50     1079.00    2046.00   403.00        1.00
75%          1800.25     1132.00    2074.00   404.00        2.00
max          2400.00     1199.00    2099.00   404.00        3.00
2026-07-04 20:00:45 | INFO | BI | CALL a function to plot price distribution........
2026-07-04 20:00:45 | INFO | BI | Plotting price distribution
2026-07-04 20:00:46 | INFO | BI | Price distribution chart created
2026-07-04 20:00:46 | INFO | BI | CALL a function to plot sales trend over time........
2026-07-04 20:00:46 | INFO | BI | Plotting sales trend over time
2026-07-04 20:00:46 | INFO | BI | Creating chart: Total Sales by Month
2026-07-04 20:00:46 | INFO | BI | Sales trend chart created
2026-07-04 20:00:46 | INFO | BI | CALL a function to summarize the datasets........
2026-07-04 20:00:46 | INFO | BI | ========================
2026-07-04 20:00:46 | INFO | BI | SUMMARY
2026-07-04 20:00:46 | INFO | BI | ========================
2026-07-04 20:00:47 | INFO | BI | Customers:  201 rows, 4 columns
2026-07-04 20:00:47 | INFO | BI | Products:   100 rows, 4 columns
2026-07-04 20:00:47 | INFO | BI | Sales:      2400 rows, 7 columns
2026-07-04 20:00:47 | INFO | BI | ========================
2026-07-04 20:00:47 | INFO | BI | ANALYST NOTES:
2026-07-04 20:00:47 | INFO | BI | Any inconsistent data should be reviewed later.
2026-07-04 20:00:47 | INFO | BI | Any duplicate rows should be reviewed later.
2026-07-04 20:00:47 | INFO | BI | Cleaning and data preparation will be done in a later module.
2026-07-04 20:00:47 | INFO | BI | ========================
2026-07-04 20:00:47 | INFO | BI | CALL a function to show charts........
2026-07-04 20:00:55 | INFO | BI | Workflow complete
2026-07-04 20:00:55 | INFO | BI | CLOSE chart windows to continue.
2026-07-04 20:00:55 | INFO | BI | Terminate this process with CTRL+c as needed.
2026-07-04 20:00:55 | INFO | BI | ========================
2026-07-04 20:00:55 | INFO | BI | Executed successfully!
2026-07-04 20:00:55 | INFO | BI | ========================
2026-07-04 20:19:38 | INFO | BI | === RUN START ===
2026-07-04 20:19:38 | INFO | BI | project=BI
2026-07-04 20:19:38 | INFO | BI | repo_dir=bintel-02-mining
2026-07-04 20:19:38 | INFO | BI | python=3.14.6
2026-07-04 20:19:38 | INFO | BI | os=Windows 10
2026-07-04 20:19:38 | INFO | BI | shell=powershell
2026-07-04 20:19:38 | INFO | BI | cwd=.
2026-07-04 20:19:38 | INFO | BI | github_actions=False
2026-07-04 20:19:38 | INFO | BI | ========================
2026-07-04 20:19:38 | INFO | BI | START main()
2026-07-04 20:19:38 | INFO | BI | ========================
2026-07-04 20:19:38 | INFO | BI | Raw data:  = data\raw
2026-07-04 20:19:38 | INFO | BI | Customers: = data\raw\customers_data.csv
2026-07-04 20:19:38 | INFO | BI | Products:  = data\raw\products_data.csv
2026-07-04 20:19:38 | INFO | BI | Sales:     = data\raw\sales_data.csv
2026-07-04 20:19:38 | INFO | BI | CALL a function to load each dataset.............
2026-07-04 20:19:38 | INFO | BI | Loading customers from data\raw\customers_data.csv
2026-07-04 20:19:38 | INFO | BI | Loaded: 201 rows, 4 columns
2026-07-04 20:19:38 | INFO | BI | Loading products from data\raw\products_data.csv
2026-07-04 20:19:38 | INFO | BI | Loaded: 100 rows, 4 columns
2026-07-04 20:19:38 | INFO | BI | Loading sales from data\raw\sales_data.csv
2026-07-04 20:19:38 | INFO | BI | Loaded: 2400 rows, 7 columns
2026-07-04 20:19:38 | INFO | BI | CALL a function to inspect each dataset..........
2026-07-04 20:19:38 | INFO | BI | Inspecting customers
2026-07-04 20:19:38 | INFO | BI |   Columns: ['CustomerID', 'Name', 'Region', 'JoinDate']
2026-07-04 20:19:38 | INFO | BI |   Shape:   201 rows x 4 columns
2026-07-04 20:19:38 | DEBUG | BI | 
   CustomerID           Name   Region    JoinDate
0        1000   Robert Gomez     West  2024-02-25
1        1001     John Silva     East  2020-12-01
2        1002  Mark Marshall  Central  2020-08-08
3        1003  David Brennan    North  2020-05-21
4        1004  Kerry Collins    North  2023-09-12

2026-07-04 20:19:38 | INFO | BI | Inspecting products
2026-07-04 20:19:38 | INFO | BI |   Columns: ['ProductID', 'ProductName', 'Category', 'UnitPrice']
2026-07-04 20:19:38 | INFO | BI |   Shape:   100 rows x 4 columns
2026-07-04 20:19:38 | DEBUG | BI | 
   ProductID           ProductName     Category  UnitPrice
0       2000    Electronics-Signal  Electronics     969.31
1       2001     Electronics-Boost  Electronics     412.35
2       2002         Office-Family       Office     866.00
3       2003  Electronics-Training  Electronics     385.18
4       2004          Office-Where       Office     927.25

2026-07-04 20:19:38 | INFO | BI | Inspecting sales
2026-07-04 20:19:38 | INFO | BI |   Columns: ['TransactionID', 'SaleDate', 'CustomerID', 'ProductID', 'StoreID', 'CampaignID', 'SaleAmount']
2026-07-04 20:19:38 | INFO | BI |   Shape:   2400 rows x 7 columns
2026-07-04 20:19:38 | DEBUG | BI | 
   TransactionID    SaleDate  CustomerID  ProductID  StoreID  CampaignID SaleAmount
0              1  2025-01-09        1020       2023      401         0.0     643.02
1              2  2024-07-10        1034       2091      404         2.0     529.24
2              3  2025-03-22        1087       2035      403         3.0    4313.72
3              4  2024-12-27        1186       2015      404         NaN    1275.85
4              5  2025-04-21        1049       2005      402         0.0    1739.64

2026-07-04 20:19:38 | INFO | BI | CALL a function to check data quality of each dataset........
2026-07-04 20:19:38 | INFO | BI | Quality check: customers
2026-07-04 20:19:38 | INFO | BI |   Total missing values: 0
2026-07-04 20:19:38 | INFO | BI |   Duplicate rows: 1
2026-07-04 20:19:38 | WARNING | BI |   1 duplicate row(s) found - review before loading to warehouse
2026-07-04 20:19:38 | INFO | BI | Quality check: products
2026-07-04 20:19:38 | INFO | BI |   Total missing values: 0
2026-07-04 20:19:38 | INFO | BI |   Duplicate rows: 0
2026-07-04 20:19:38 | INFO | BI | Quality check: sales
2026-07-04 20:19:38 | INFO | BI |   Total missing values: 193
2026-07-04 20:19:38 | WARNING | BI |   Missing by column:
CampaignID    193
dtype: int64
2026-07-04 20:19:38 | INFO | BI |   Duplicate rows: 0
2026-07-04 20:19:38 | INFO | BI | CALL a function to summarize numeric columns in each dataset........
2026-07-04 20:19:38 | INFO | BI | Numeric summary: customers
2026-07-04 20:19:38 | INFO | BI | 
       CustomerID
count      201.00
mean      1099.03
std         58.12
min       1000.00
25%       1049.00
50%       1099.00
75%       1149.00
max       1199.00
2026-07-04 20:19:38 | INFO | BI | Numeric summary: products
2026-07-04 20:19:38 | INFO | BI | 
       ProductID  UnitPrice
count     100.00     100.00
mean     2049.50     507.77
std        29.01     290.80
min      2000.00      13.51
25%      2024.75     255.53
50%      2049.50     496.39
75%      2074.25     771.28
max      2099.00     976.44
2026-07-04 20:19:38 | INFO | BI | Numeric summary: sales
2026-07-04 20:19:38 | INFO | BI | 
       TransactionID  CustomerID  ProductID  StoreID  CampaignID
count        2400.00     2400.00    2400.00  2400.00     2207.00
mean         1200.50     1086.75    2049.07   402.53        1.46
std           692.96       57.32      28.67     1.13        1.12
min             1.00     1000.00    2000.00   401.00        0.00
25%           600.75     1034.00    2023.00   402.00        0.00
50%          1200.50     1079.00    2046.00   403.00        1.00
75%          1800.25     1132.00    2074.00   404.00        2.00
max          2400.00     1199.00    2099.00   404.00        3.00
2026-07-04 20:19:38 | INFO | BI | CALL a function to plot price distribution........
2026-07-04 20:19:38 | INFO | BI | Plotting price distribution
2026-07-04 20:19:39 | INFO | BI | Price distribution chart created
2026-07-04 20:19:39 | INFO | BI | CALL a function to plot sales trend over time........
2026-07-04 20:19:39 | INFO | BI | Plotting sales trend over time
2026-07-04 20:19:39 | INFO | BI | Creating chart: Total Sales by Month
2026-07-04 20:19:39 | INFO | BI | Sales trend chart created
2026-07-04 20:19:39 | INFO | BI | CALL a function to summarize the datasets........
2026-07-04 20:19:39 | INFO | BI | ========================
2026-07-04 20:19:39 | INFO | BI | SUMMARY
2026-07-04 20:19:39 | INFO | BI | ========================
2026-07-04 20:19:39 | INFO | BI | Customers:  201 rows, 4 columns
2026-07-04 20:19:39 | INFO | BI | Products:   100 rows, 4 columns
2026-07-04 20:19:39 | INFO | BI | Sales:      2400 rows, 7 columns
2026-07-04 20:19:39 | INFO | BI | ========================
2026-07-04 20:19:39 | INFO | BI | ANALYST NOTES:
2026-07-04 20:19:39 | INFO | BI | Any inconsistent data should be reviewed later.
2026-07-04 20:19:39 | INFO | BI | Any duplicate rows should be reviewed later.
2026-07-04 20:19:39 | INFO | BI | Cleaning and data preparation will be done in a later module.
2026-07-04 20:19:39 | INFO | BI | ========================
2026-07-04 20:19:39 | INFO | BI | CALL a function to show charts........
2026-07-04 20:20:48 | INFO | BI | === RUN START ===
2026-07-04 20:20:48 | INFO | BI | project=BI
2026-07-04 20:20:48 | INFO | BI | repo_dir=bintel-02-mining
2026-07-04 20:20:48 | INFO | BI | python=3.14.6
2026-07-04 20:20:48 | INFO | BI | os=Windows 10
2026-07-04 20:20:48 | INFO | BI | shell=powershell
2026-07-04 20:20:48 | INFO | BI | cwd=.
2026-07-04 20:20:48 | INFO | BI | github_actions=False
2026-07-04 20:20:48 | INFO | BI | ========================
2026-07-04 20:20:48 | INFO | BI | START main()
2026-07-04 20:20:48 | INFO | BI | ========================
2026-07-04 20:20:48 | INFO | BI | Raw data:  = data\raw
2026-07-04 20:20:48 | INFO | BI | Customers: = data\raw\customers_data.csv
2026-07-04 20:20:48 | INFO | BI | Products:  = data\raw\products_data.csv
2026-07-04 20:20:48 | INFO | BI | Sales:     = data\raw\sales_data.csv
2026-07-04 20:20:48 | INFO | BI | CALL a function to load each dataset.............
2026-07-04 20:20:48 | INFO | BI | Loading customers from data\raw\customers_data.csv
2026-07-04 20:20:48 | INFO | BI | Loaded: 201 rows, 4 columns
2026-07-04 20:20:48 | INFO | BI | Loading products from data\raw\products_data.csv
2026-07-04 20:20:48 | INFO | BI | Loaded: 100 rows, 4 columns
2026-07-04 20:20:48 | INFO | BI | Loading sales from data\raw\sales_data.csv
2026-07-04 20:20:48 | INFO | BI | Loaded: 2400 rows, 7 columns
2026-07-04 20:20:48 | INFO | BI | CALL a function to inspect each dataset..........
2026-07-04 20:20:48 | INFO | BI | Inspecting customers
2026-07-04 20:20:48 | INFO | BI |   Columns: ['CustomerID', 'Name', 'Region', 'JoinDate']
2026-07-04 20:20:48 | INFO | BI |   Shape:   201 rows x 4 columns
2026-07-04 20:20:48 | DEBUG | BI | 
   CustomerID           Name   Region    JoinDate
0        1000   Robert Gomez     West  2024-02-25
1        1001     John Silva     East  2020-12-01
2        1002  Mark Marshall  Central  2020-08-08
3        1003  David Brennan    North  2020-05-21
4        1004  Kerry Collins    North  2023-09-12

2026-07-04 20:20:48 | INFO | BI | Inspecting products
2026-07-04 20:20:48 | INFO | BI |   Columns: ['ProductID', 'ProductName', 'Category', 'UnitPrice']
2026-07-04 20:20:48 | INFO | BI |   Shape:   100 rows x 4 columns
2026-07-04 20:20:48 | DEBUG | BI | 
   ProductID           ProductName     Category  UnitPrice
0       2000    Electronics-Signal  Electronics     969.31
1       2001     Electronics-Boost  Electronics     412.35
2       2002         Office-Family       Office     866.00
3       2003  Electronics-Training  Electronics     385.18
4       2004          Office-Where       Office     927.25

2026-07-04 20:20:48 | INFO | BI | Inspecting sales
2026-07-04 20:20:48 | INFO | BI |   Columns: ['TransactionID', 'SaleDate', 'CustomerID', 'ProductID', 'StoreID', 'CampaignID', 'SaleAmount']
2026-07-04 20:20:48 | INFO | BI |   Shape:   2400 rows x 7 columns
2026-07-04 20:20:48 | DEBUG | BI | 
   TransactionID    SaleDate  CustomerID  ProductID  StoreID  CampaignID SaleAmount
0              1  2025-01-09        1020       2023      401         0.0     643.02
1              2  2024-07-10        1034       2091      404         2.0     529.24
2              3  2025-03-22        1087       2035      403         3.0    4313.72
3              4  2024-12-27        1186       2015      404         NaN    1275.85
4              5  2025-04-21        1049       2005      402         0.0    1739.64

2026-07-04 20:20:48 | INFO | BI | CALL a function to check data quality of each dataset........
2026-07-04 20:20:48 | INFO | BI | Quality check: customers
2026-07-04 20:20:48 | INFO | BI |   Total missing values: 0
2026-07-04 20:20:48 | INFO | BI |   Duplicate rows: 1
2026-07-04 20:20:48 | WARNING | BI |   1 duplicate row(s) found - review before loading to warehouse
2026-07-04 20:20:48 | INFO | BI | Quality check: products
2026-07-04 20:20:48 | INFO | BI |   Total missing values: 0
2026-07-04 20:20:48 | INFO | BI |   Duplicate rows: 0
2026-07-04 20:20:48 | INFO | BI | Quality check: sales
2026-07-04 20:20:48 | INFO | BI |   Total missing values: 193
2026-07-04 20:20:48 | WARNING | BI |   Missing by column:
CampaignID    193
dtype: int64
2026-07-04 20:20:48 | INFO | BI |   Duplicate rows: 0
2026-07-04 20:20:48 | INFO | BI | CALL a function to summarize numeric columns in each dataset........
2026-07-04 20:20:48 | INFO | BI | Numeric summary: customers
2026-07-04 20:20:48 | INFO | BI | 
       CustomerID
count      201.00
mean      1099.03
std         58.12
min       1000.00
25%       1049.00
50%       1099.00
75%       1149.00
max       1199.00
2026-07-04 20:20:48 | INFO | BI | Numeric summary: products
2026-07-04 20:20:48 | INFO | BI | 
       ProductID  UnitPrice
count     100.00     100.00
mean     2049.50     507.77
std        29.01     290.80
min      2000.00      13.51
25%      2024.75     255.53
50%      2049.50     496.39
75%      2074.25     771.28
max      2099.00     976.44
2026-07-04 20:20:48 | INFO | BI | Numeric summary: sales
2026-07-04 20:20:48 | INFO | BI | 
       TransactionID  CustomerID  ProductID  StoreID  CampaignID
count        2400.00     2400.00    2400.00  2400.00     2207.00
mean         1200.50     1086.75    2049.07   402.53        1.46
std           692.96       57.32      28.67     1.13        1.12
min             1.00     1000.00    2000.00   401.00        0.00
25%           600.75     1034.00    2023.00   402.00        0.00
50%          1200.50     1079.00    2046.00   403.00        1.00
75%          1800.25     1132.00    2074.00   404.00        2.00
max          2400.00     1199.00    2099.00   404.00        3.00
2026-07-04 20:20:48 | INFO | BI | CALL a function to plot price distribution........
2026-07-04 20:20:48 | INFO | BI | Plotting price distribution
2026-07-04 20:20:48 | INFO | BI | Price distribution chart created
2026-07-04 20:20:48 | INFO | BI | CALL a function to plot sales trend over time........
2026-07-04 20:20:48 | INFO | BI | Plotting sales trend over time
2026-07-04 20:20:48 | INFO | BI | Creating chart: Total Sales by Month
2026-07-04 20:20:49 | INFO | BI | Sales trend chart created
2026-07-04 20:20:49 | INFO | BI | CALL a function to summarize the datasets........
2026-07-04 20:20:49 | INFO | BI | ========================
2026-07-04 20:20:49 | INFO | BI | SUMMARY
2026-07-04 20:20:49 | INFO | BI | ========================
2026-07-04 20:20:49 | INFO | BI | Customers:  201 rows, 4 columns
2026-07-04 20:20:49 | INFO | BI | Products:   100 rows, 4 columns
2026-07-04 20:20:49 | INFO | BI | Sales:      2400 rows, 7 columns
2026-07-04 20:20:49 | INFO | BI | ========================
2026-07-04 20:20:49 | INFO | BI | ANALYST NOTES:
2026-07-04 20:20:49 | INFO | BI | Any inconsistent data should be reviewed later.
2026-07-04 20:20:49 | INFO | BI | Any duplicate rows should be reviewed later.
2026-07-04 20:20:49 | INFO | BI | Cleaning and data preparation will be done in a later module.
2026-07-04 20:20:49 | INFO | BI | ========================
2026-07-04 20:20:49 | INFO | BI | CALL a function to show charts........
2026-07-04 20:21:02 | INFO | BI | Workflow complete
2026-07-04 20:21:02 | INFO | BI | CLOSE chart windows to continue.
2026-07-04 20:21:02 | INFO | BI | Terminate this process with CTRL+c as needed.
2026-07-04 20:21:02 | INFO | BI | ========================
2026-07-04 20:21:02 | INFO | BI | Executed successfully!
2026-07-04 20:21:02 | INFO | BI | ========================
2026-07-04 20:29:10 | INFO | BI | Workflow complete
2026-07-04 20:29:10 | INFO | BI | CLOSE chart windows to continue.
2026-07-04 20:29:10 | INFO | BI | Terminate this process with CTRL+c as needed.
2026-07-04 20:29:10 | INFO | BI | ========================
2026-07-04 20:29:10 | INFO | BI | Executed successfully!
2026-07-04 20:29:10 | INFO | BI | ========================
2026-07-04 20:57:58 | INFO | BI | === RUN START ===
2026-07-04 20:57:58 | INFO | BI | project=BI
2026-07-04 20:57:58 | INFO | BI | repo_dir=bintel-02-mining
2026-07-04 20:57:58 | INFO | BI | python=3.14.6
2026-07-04 20:57:58 | INFO | BI | os=Windows 10
2026-07-04 20:57:58 | INFO | BI | shell=powershell
2026-07-04 20:57:58 | INFO | BI | cwd=.
2026-07-04 20:57:58 | INFO | BI | github_actions=False
2026-07-04 20:57:58 | INFO | BI | ========================
2026-07-04 20:57:58 | INFO | BI | START main()
2026-07-04 20:57:58 | INFO | BI | ========================
2026-07-04 20:57:58 | INFO | BI | Raw data:  = data\raw
2026-07-04 20:57:58 | INFO | BI | Customers: = data\raw\customers_data.csv
2026-07-04 20:57:58 | INFO | BI | Products:  = data\raw\products_data.csv
2026-07-04 20:57:58 | INFO | BI | Sales:     = data\raw\sales_data.csv
2026-07-04 20:57:58 | INFO | BI | CALL a function to load each dataset.............
2026-07-04 20:57:58 | INFO | BI | Loading customers from data\raw\customers_data.csv
2026-07-04 20:57:58 | INFO | BI | Loaded: 201 rows, 4 columns
2026-07-04 20:57:58 | INFO | BI | Loading products from data\raw\products_data.csv
2026-07-04 20:57:58 | INFO | BI | Loaded: 100 rows, 4 columns
2026-07-04 20:57:58 | INFO | BI | Loading sales from data\raw\sales_data.csv
2026-07-04 20:57:58 | INFO | BI | Loaded: 2400 rows, 7 columns
2026-07-04 20:57:58 | INFO | BI | CALL a function to inspect each dataset..........
2026-07-04 20:57:58 | INFO | BI | Inspecting customers
2026-07-04 20:57:58 | INFO | BI |   Columns: ['CustomerID', 'Name', 'Region', 'JoinDate']
2026-07-04 20:57:58 | INFO | BI |   Shape:   201 rows x 4 columns
2026-07-04 20:57:58 | DEBUG | BI | 
   CustomerID           Name   Region    JoinDate
0        1000   Robert Gomez     West  2024-02-25
1        1001     John Silva     East  2020-12-01
2        1002  Mark Marshall  Central  2020-08-08
3        1003  David Brennan    North  2020-05-21
4        1004  Kerry Collins    North  2023-09-12

2026-07-04 20:57:58 | INFO | BI | Inspecting products
2026-07-04 20:57:58 | INFO | BI |   Columns: ['ProductID', 'ProductName', 'Category', 'UnitPrice']
2026-07-04 20:57:58 | INFO | BI |   Shape:   100 rows x 4 columns
2026-07-04 20:57:58 | DEBUG | BI | 
   ProductID           ProductName     Category  UnitPrice
0       2000    Electronics-Signal  Electronics     969.31
1       2001     Electronics-Boost  Electronics     412.35
2       2002         Office-Family       Office     866.00
3       2003  Electronics-Training  Electronics     385.18
4       2004          Office-Where       Office     927.25

2026-07-04 20:57:58 | INFO | BI | Inspecting sales
2026-07-04 20:57:58 | INFO | BI |   Columns: ['TransactionID', 'SaleDate', 'CustomerID', 'ProductID', 'StoreID', 'CampaignID', 'SaleAmount']
2026-07-04 20:57:58 | INFO | BI |   Shape:   2400 rows x 7 columns
2026-07-04 20:57:58 | DEBUG | BI | 
   TransactionID    SaleDate  CustomerID  ProductID  StoreID  CampaignID SaleAmount
0              1  2025-01-09        1020       2023      401         0.0     643.02
1              2  2024-07-10        1034       2091      404         2.0     529.24
2              3  2025-03-22        1087       2035      403         3.0    4313.72
3              4  2024-12-27        1186       2015      404         NaN    1275.85
4              5  2025-04-21        1049       2005      402         0.0    1739.64

2026-07-04 20:57:58 | INFO | BI | CALL a function to check data quality of each dataset........
2026-07-04 20:57:58 | INFO | BI | Quality check: customers
2026-07-04 20:57:58 | INFO | BI |   Total missing values: 0
2026-07-04 20:57:58 | INFO | BI |   Duplicate rows: 1
2026-07-04 20:57:58 | WARNING | BI |   1 duplicate row(s) found - review before loading to warehouse
2026-07-04 20:57:58 | INFO | BI | Quality check: products
2026-07-04 20:57:58 | INFO | BI |   Total missing values: 0
2026-07-04 20:57:58 | INFO | BI |   Duplicate rows: 0
2026-07-04 20:57:58 | INFO | BI | Quality check: sales
2026-07-04 20:57:58 | INFO | BI |   Total missing values: 193
2026-07-04 20:57:58 | WARNING | BI |   Missing by column:
CampaignID    193
dtype: int64
2026-07-04 20:57:58 | INFO | BI |   Duplicate rows: 0
2026-07-04 20:57:58 | INFO | BI | CALL a function to summarize numeric columns in each dataset........
2026-07-04 20:57:58 | INFO | BI | Numeric summary: customers
2026-07-04 20:57:58 | INFO | BI | 
       CustomerID
count      201.00
mean      1099.03
std         58.12
min       1000.00
25%       1049.00
50%       1099.00
75%       1149.00
max       1199.00
2026-07-04 20:57:58 | INFO | BI | Numeric summary: products
2026-07-04 20:57:58 | INFO | BI | 
       ProductID  UnitPrice
count     100.00     100.00
mean     2049.50     507.77
std        29.01     290.80
min      2000.00      13.51
25%      2024.75     255.53
50%      2049.50     496.39
75%      2074.25     771.28
max      2099.00     976.44
2026-07-04 20:57:58 | INFO | BI | Numeric summary: sales
2026-07-04 20:57:58 | INFO | BI | 
       TransactionID  CustomerID  ProductID  StoreID  CampaignID
count        2400.00     2400.00    2400.00  2400.00     2207.00
mean         1200.50     1086.75    2049.07   402.53        1.46
std           692.96       57.32      28.67     1.13        1.12
min             1.00     1000.00    2000.00   401.00        0.00
25%           600.75     1034.00    2023.00   402.00        0.00
50%          1200.50     1079.00    2046.00   403.00        1.00
75%          1800.25     1132.00    2074.00   404.00        2.00
max          2400.00     1199.00    2099.00   404.00        3.00
2026-07-04 20:57:59 | INFO | BI | CALL a function to plot price distribution........
2026-07-04 20:57:59 | INFO | BI | Plotting price distribution
2026-07-04 20:57:59 | INFO | BI | Price distribution chart created
2026-07-04 20:57:59 | INFO | BI | CALL a function to plot sales trend over time........
2026-07-04 20:57:59 | INFO | BI | Plotting sales trend over time
2026-07-04 20:57:59 | INFO | BI | Creating chart: Total Sales by Month
2026-07-04 20:57:59 | INFO | BI | Sales trend chart created
2026-07-04 20:57:59 | INFO | BI | CALL a function to summarize the datasets........
2026-07-04 20:57:59 | INFO | BI | ========================
2026-07-04 20:57:59 | INFO | BI | SUMMARY
2026-07-04 20:57:59 | INFO | BI | ========================
2026-07-04 20:57:59 | INFO | BI | Customers:  201 rows, 4 columns
2026-07-04 20:57:59 | INFO | BI | Products:   100 rows, 4 columns
2026-07-04 20:57:59 | INFO | BI | Sales:      2400 rows, 7 columns
2026-07-04 20:57:59 | INFO | BI | ========================
2026-07-04 20:57:59 | INFO | BI | ANALYST NOTES:
2026-07-04 20:57:59 | INFO | BI | Any inconsistent data should be reviewed later.
2026-07-04 20:57:59 | INFO | BI | Any duplicate rows should be reviewed later.
2026-07-04 20:57:59 | INFO | BI | Cleaning and data preparation will be done in a later module.
2026-07-04 20:57:59 | INFO | BI | ========================
2026-07-04 20:57:59 | INFO | BI | CALL a function to show charts........
2026-07-04 20:58:04 | INFO | BI | Workflow complete
2026-07-04 20:58:04 | INFO | BI | CLOSE chart windows to continue.
2026-07-04 20:58:04 | INFO | BI | Terminate this process with CTRL+c as needed.
2026-07-04 20:58:04 | INFO | BI | ========================
2026-07-04 20:58:04 | INFO | BI | Executed successfully!
2026-07-04 20:58:04 | INFO | BI | ========================
2026-07-04 21:39:16 | INFO | BI | === RUN START ===
2026-07-04 21:39:16 | INFO | BI | project=BI
2026-07-04 21:39:16 | INFO | BI | repo_dir=bintel-02-mining
2026-07-04 21:39:16 | INFO | BI | python=3.14.6
2026-07-04 21:39:16 | INFO | BI | os=Windows 10
2026-07-04 21:39:16 | INFO | BI | shell=powershell
2026-07-04 21:39:16 | INFO | BI | cwd=.
2026-07-04 21:39:16 | INFO | BI | github_actions=False
2026-07-04 21:39:16 | INFO | BI | ========================
2026-07-04 21:39:16 | INFO | BI | START main()
2026-07-04 21:39:16 | INFO | BI | ========================
2026-07-04 21:39:16 | INFO | BI | Raw data:  = data\raw
2026-07-04 21:39:16 | INFO | BI | Customers: = data\raw\customers_data.csv
2026-07-04 21:39:16 | INFO | BI | Products:  = data\raw\products_data.csv
2026-07-04 21:39:16 | INFO | BI | Sales:     = data\raw\sales_data.csv
2026-07-04 21:39:16 | INFO | BI | CALL a function to load each dataset.............
2026-07-04 21:39:16 | INFO | BI | Loading customers from data\raw\customers_data.csv
2026-07-04 21:39:16 | INFO | BI | Loaded: 201 rows, 4 columns
2026-07-04 21:39:16 | INFO | BI | Loading products from data\raw\products_data.csv
2026-07-04 21:39:16 | INFO | BI | Loaded: 100 rows, 4 columns
2026-07-04 21:39:16 | INFO | BI | Loading sales from data\raw\sales_data.csv
2026-07-04 21:39:16 | INFO | BI | Loaded: 2400 rows, 7 columns
2026-07-04 21:39:16 | INFO | BI | CALL a function to inspect each dataset..........
2026-07-04 21:39:16 | INFO | BI | Inspecting customers
2026-07-04 21:39:16 | INFO | BI |   Columns: ['CustomerID', 'Name', 'Region', 'JoinDate']
2026-07-04 21:39:16 | INFO | BI |   Shape:   201 rows x 4 columns
2026-07-04 21:39:16 | DEBUG | BI | 
   CustomerID           Name   Region    JoinDate
0        1000   Robert Gomez     West  2024-02-25
1        1001     John Silva     East  2020-12-01
2        1002  Mark Marshall  Central  2020-08-08
3        1003  David Brennan    North  2020-05-21
4        1004  Kerry Collins    North  2023-09-12

2026-07-04 21:39:16 | INFO | BI | Inspecting products
2026-07-04 21:39:16 | INFO | BI |   Columns: ['ProductID', 'ProductName', 'Category', 'UnitPrice']
2026-07-04 21:39:16 | INFO | BI |   Shape:   100 rows x 4 columns
2026-07-04 21:39:16 | DEBUG | BI | 
   ProductID           ProductName     Category  UnitPrice
0       2000    Electronics-Signal  Electronics     969.31
1       2001     Electronics-Boost  Electronics     412.35
2       2002         Office-Family       Office     866.00
3       2003  Electronics-Training  Electronics     385.18
4       2004          Office-Where       Office     927.25

2026-07-04 21:39:16 | INFO | BI | Inspecting sales
2026-07-04 21:39:16 | INFO | BI |   Columns: ['TransactionID', 'SaleDate', 'CustomerID', 'ProductID', 'StoreID', 'CampaignID', 'SaleAmount']
2026-07-04 21:39:16 | INFO | BI |   Shape:   2400 rows x 7 columns
2026-07-04 21:39:16 | DEBUG | BI | 
   TransactionID    SaleDate  CustomerID  ProductID  StoreID  CampaignID SaleAmount
0              1  2025-01-09        1020       2023      401         0.0     643.02
1              2  2024-07-10        1034       2091      404         2.0     529.24
2              3  2025-03-22        1087       2035      403         3.0    4313.72
3              4  2024-12-27        1186       2015      404         NaN    1275.85
4              5  2025-04-21        1049       2005      402         0.0    1739.64

2026-07-04 21:39:16 | INFO | BI | CALL a function to check data quality of each dataset........
2026-07-04 21:39:16 | INFO | BI | Quality check: customers
2026-07-04 21:39:16 | INFO | BI |   Total missing values: 0
2026-07-04 21:39:16 | INFO | BI |   Duplicate rows: 1
2026-07-04 21:39:16 | WARNING | BI |   1 duplicate row(s) found - review before loading to warehouse
2026-07-04 21:39:16 | INFO | BI | Quality check: products
2026-07-04 21:39:16 | INFO | BI |   Total missing values: 0
2026-07-04 21:39:16 | INFO | BI |   Duplicate rows: 0
2026-07-04 21:39:16 | INFO | BI | Quality check: sales
2026-07-04 21:39:16 | INFO | BI |   Total missing values: 193
2026-07-04 21:39:16 | WARNING | BI |   Missing by column:
CampaignID    193
dtype: int64
2026-07-04 21:39:16 | INFO | BI |   Duplicate rows: 0
2026-07-04 21:39:16 | INFO | BI | CALL a function to summarize numeric columns in each dataset........
2026-07-04 21:39:16 | INFO | BI | Numeric summary: customers
2026-07-04 21:39:16 | INFO | BI | 
       CustomerID
count      201.00
mean      1099.03
std         58.12
min       1000.00
25%       1049.00
50%       1099.00
75%       1149.00
max       1199.00
2026-07-04 21:39:16 | INFO | BI | Numeric summary: products
2026-07-04 21:39:16 | INFO | BI | 
       ProductID  UnitPrice
count     100.00     100.00
mean     2049.50     507.77
std        29.01     290.80
min      2000.00      13.51
25%      2024.75     255.53
50%      2049.50     496.39
75%      2074.25     771.28
max      2099.00     976.44
2026-07-04 21:39:16 | INFO | BI | Numeric summary: sales
2026-07-04 21:39:16 | INFO | BI | 
       TransactionID  CustomerID  ProductID  StoreID  CampaignID
count        2400.00     2400.00    2400.00  2400.00     2207.00
mean         1200.50     1086.75    2049.07   402.53        1.46
std           692.96       57.32      28.67     1.13        1.12
min             1.00     1000.00    2000.00   401.00        0.00
25%           600.75     1034.00    2023.00   402.00        0.00
50%          1200.50     1079.00    2046.00   403.00        1.00
75%          1800.25     1132.00    2074.00   404.00        2.00
max          2400.00     1199.00    2099.00   404.00        3.00
2026-07-04 21:39:16 | INFO | BI | CALL a function to plot price distribution........
2026-07-04 21:39:16 | INFO | BI | Plotting price distribution
2026-07-04 21:39:16 | INFO | BI | Price distribution chart created
2026-07-04 21:39:16 | INFO | BI | CALL a function to plot sales trend over time........
2026-07-04 21:39:16 | INFO | BI | Plotting sales trend over time
2026-07-04 21:39:16 | INFO | BI | Creating chart: Total Sales by Month
2026-07-04 21:39:16 | INFO | BI | Sales trend chart created
2026-07-04 21:39:16 | INFO | BI | CALL a function to summarize the datasets........
2026-07-04 21:39:16 | INFO | BI | ========================
2026-07-04 21:39:16 | INFO | BI | SUMMARY
2026-07-04 21:39:16 | INFO | BI | ========================
2026-07-04 21:39:16 | INFO | BI | Customers:  201 rows, 4 columns
2026-07-04 21:39:16 | INFO | BI | Products:   100 rows, 4 columns
2026-07-04 21:39:16 | INFO | BI | Sales:      2400 rows, 7 columns
2026-07-04 21:39:16 | INFO | BI | ========================
2026-07-04 21:39:16 | INFO | BI | ANALYST NOTES:
2026-07-04 21:39:16 | INFO | BI | Any inconsistent data should be reviewed later.
2026-07-04 21:39:16 | INFO | BI | Any duplicate rows should be reviewed later.
2026-07-04 21:39:16 | INFO | BI | Cleaning and data preparation will be done in a later module.
2026-07-04 21:39:16 | INFO | BI | ========================
2026-07-04 21:39:16 | INFO | BI | CALL a function to show charts........
2026-07-06 12:48:39 | INFO | BI | === RUN START ===
2026-07-06 12:48:39 | INFO | BI | project=E-COMMERCE BI
2026-07-06 12:48:39 | INFO | BI | repo_dir=bintel-02-mining
2026-07-06 12:48:39 | INFO | BI | python=3.14.6
2026-07-06 12:48:39 | INFO | BI | os=Windows 10
2026-07-06 12:48:39 | INFO | BI | shell=powershell
2026-07-06 12:48:39 | INFO | BI | cwd=.
2026-07-06 12:48:39 | INFO | BI | github_actions=False
2026-07-06 12:48:39 | INFO | BI | Starting workflow...
2026-07-06 12:48:39 | INFO | BI | Customers: = data\raw\customers.csv
2026-07-06 12:48:39 | INFO | BI | Orders: = data\raw\orders.csv
2026-07-06 12:48:39 | INFO | BI | Web: = data\raw\web_activity.csv
2026-07-06 12:48:39 | INFO | BI | Loading customers from data\raw\customers.csv
2026-07-06 13:34:12 | INFO | BI | === RUN START ===
2026-07-06 13:34:12 | INFO | BI | project=E-COMMERCE BI
2026-07-06 13:34:12 | INFO | BI | repo_dir=bintel-02-mining
2026-07-06 13:34:12 | INFO | BI | python=3.14.6
2026-07-06 13:34:12 | INFO | BI | os=Windows 10
2026-07-06 13:34:12 | INFO | BI | shell=powershell
2026-07-06 13:34:12 | INFO | BI | cwd=.
2026-07-06 13:34:12 | INFO | BI | github_actions=False
2026-07-06 13:34:12 | INFO | BI | Starting workflow...
2026-07-06 13:34:12 | INFO | BI | Customers: = data\raw\customers.csv
2026-07-06 13:34:12 | INFO | BI | Orders: = data\raw\orders.csv
2026-07-06 13:34:12 | INFO | BI | Web: = data\raw\web_activity.csv
2026-07-06 13:34:12 | INFO | BI | Loading customers from data\raw\customers.csv
2026-07-06 13:34:12 | INFO | BI | Loaded: 8 rows, 5 columns
2026-07-06 13:34:12 | INFO | BI | Loading orders from data\raw\orders.csv
2026-07-06 13:34:12 | INFO | BI | Loaded: 10 rows, 5 columns
2026-07-06 13:34:12 | INFO | BI | Loading web from data\raw\web_activity.csv
2026-07-06 13:34:12 | INFO | BI | Loaded: 10 rows, 5 columns
2026-07-06 13:34:12 | INFO | BI | Inspecting customers
2026-07-06 13:34:12 | INFO | BI |   Columns: ['CustomerID', 'Name', 'Country', 'SignupDate', 'LoyaltyTier']
2026-07-06 13:34:12 | INFO | BI |   Shape:   8 rows x 5 columns
2026-07-06 13:34:12 | DEBUG | BI | 
  CustomerID           Name Country  SignupDate LoyaltyTier
0       C001  Alice Johnson     USA  2025-01-10        Gold
1       C002    Brian Smith     USA  2025-02-15      Silver
2       C003       Chen Wei  Canada  2025-03-20      Bronze
3       C004    Diana Lopez  Mexico  2025-04-05      Silver
4       C005     Emma Brown     USA  2025-05-18        Gold

2026-07-06 13:34:12 | INFO | BI | Inspecting orders
2026-07-06 13:34:12 | INFO | BI |   Columns: ['OrderID', 'CustomerID', 'OrderDate', 'OrderAmount', 'ProductCategory']
2026-07-06 13:34:12 | INFO | BI |   Shape:   10 rows x 5 columns
2026-07-06 13:34:12 | DEBUG | BI | 
  OrderID CustomerID   OrderDate  OrderAmount ProductCategory
0   O1001       C001  2026-01-05       120.50     Electronics
1   O1002       C002  2026-01-10        35.99           Books
2   O1003       C003  2026-01-12        89.99            Home
3   O1004       C001  2026-02-01       220.00     Electronics
4   O1005       C004  2026-02-15        45.00         Fashion

2026-07-06 13:34:12 | INFO | BI | Inspecting web
2026-07-06 13:34:12 | INFO | BI |   Columns: ['SessionID', 'CustomerID', 'VisitDate', 'PagesViewed', 'TimeSpentMinutes']
2026-07-06 13:34:12 | INFO | BI |   Shape:   10 rows x 5 columns
2026-07-06 13:34:12 | DEBUG | BI | 
  SessionID CustomerID   VisitDate  PagesViewed  TimeSpentMinutes
0      S001       C001  2026-01-05           12                18
1      S002       C002  2026-01-10            5                 7
2      S003       C003  2026-01-12            8                12
3      S004       C001  2026-02-01           20                30
4      S005       C004  2026-02-15            6                10

2026-07-06 13:34:12 | INFO | BI | Quality check: customers
2026-07-06 13:34:12 | INFO | BI |   Total missing values: 0
2026-07-06 13:34:12 | INFO | BI |   Duplicate rows: 0
2026-07-06 13:34:12 | INFO | BI | Quality check: orders
2026-07-06 13:34:12 | INFO | BI |   Total missing values: 0
2026-07-06 13:34:12 | INFO | BI |   Duplicate rows: 0
2026-07-06 13:34:12 | INFO | BI | Quality check: web
2026-07-06 13:34:12 | INFO | BI |   Total missing values: 0
2026-07-06 13:34:12 | INFO | BI |   Duplicate rows: 0
2026-07-06 13:34:12 | INFO | BI | Numeric summary: orders
2026-07-06 13:34:12 | INFO | BI | 
       OrderAmount
count        10.00
mean        115.75
std          90.41
min          25.00
25%          48.75
50%          94.99
75%         143.19
max         310.25
2026-07-06 13:34:12 | INFO | BI | Plotting order distribution
2026-07-06 13:34:15 | INFO | BI | Plotting revenue trend
2026-07-06 13:34:16 | INFO | BI | Creating chart: Monthly Revenue Trend
2026-07-06 13:34:16 | INFO | BI | Plotting engagement vs spending
2026-07-06 13:34:16 | INFO | BI | ========================
2026-07-06 13:34:16 | INFO | BI | SUMMARY
2026-07-06 13:34:16 | INFO | BI | ========================
2026-07-06 13:34:16 | INFO | BI | Customers: (8, 5)
2026-07-06 13:34:16 | INFO | BI | Orders:    (10, 5)
2026-07-06 13:34:16 | INFO | BI | Web:       (10, 5)
2026-07-06 13:41:28 | INFO | BI | Done.
2026-07-07 17:24:22 | INFO | BI | === RUN START ===
2026-07-07 17:24:22 | INFO | BI | project=BI
2026-07-07 17:24:22 | INFO | BI | repo_dir=bintel-02-mining
2026-07-07 17:24:22 | INFO | BI | python=3.14.6
2026-07-07 17:24:22 | INFO | BI | os=Windows 10
2026-07-07 17:24:22 | INFO | BI | shell=powershell
2026-07-07 17:24:22 | INFO | BI | cwd=.
2026-07-07 17:24:22 | INFO | BI | github_actions=False
2026-07-07 17:24:22 | INFO | BI | ========================
2026-07-07 17:24:22 | INFO | BI | START main()
2026-07-07 17:24:22 | INFO | BI | ========================
2026-07-07 17:24:22 | INFO | BI | Raw data:  = data\raw
2026-07-07 17:24:22 | INFO | BI | Customers: = data\raw\customers_data.csv
2026-07-07 17:24:22 | INFO | BI | Products:  = data\raw\products_data.csv
2026-07-07 17:24:22 | INFO | BI | Sales:     = data\raw\sales_data.csv
2026-07-07 17:24:22 | INFO | BI | CALL a function to load each dataset.............
2026-07-07 17:24:22 | INFO | BI | Loading customers from data\raw\customers_data.csv
2026-07-07 17:24:22 | INFO | BI | Loaded: 201 rows, 4 columns
2026-07-07 17:24:22 | INFO | BI | Loading products from data\raw\products_data.csv
2026-07-07 17:24:22 | INFO | BI | Loaded: 100 rows, 4 columns
2026-07-07 17:24:22 | INFO | BI | Loading sales from data\raw\sales_data.csv
2026-07-07 17:24:22 | INFO | BI | Loaded: 2400 rows, 7 columns
2026-07-07 17:24:22 | INFO | BI | CALL a function to inspect each dataset..........
2026-07-07 17:24:22 | INFO | BI | Inspecting customers
2026-07-07 17:24:22 | INFO | BI |   Columns: ['CustomerID', 'Name', 'Region', 'JoinDate']
2026-07-07 17:24:22 | INFO | BI |   Shape:   201 rows x 4 columns
2026-07-07 17:24:22 | DEBUG | BI | 
   CustomerID           Name   Region    JoinDate
0        1000   Robert Gomez     West  2024-02-25
1        1001     John Silva     East  2020-12-01
2        1002  Mark Marshall  Central  2020-08-08
3        1003  David Brennan    North  2020-05-21
4        1004  Kerry Collins    North  2023-09-12

2026-07-07 17:24:22 | INFO | BI | Inspecting products
2026-07-07 17:24:22 | INFO | BI |   Columns: ['ProductID', 'ProductName', 'Category', 'UnitPrice']
2026-07-07 17:24:22 | INFO | BI |   Shape:   100 rows x 4 columns
2026-07-07 17:24:22 | DEBUG | BI | 
   ProductID           ProductName     Category  UnitPrice
0       2000    Electronics-Signal  Electronics     969.31
1       2001     Electronics-Boost  Electronics     412.35
2       2002         Office-Family       Office     866.00
3       2003  Electronics-Training  Electronics     385.18
4       2004          Office-Where       Office     927.25

2026-07-07 17:24:22 | INFO | BI | Inspecting sales
2026-07-07 17:24:22 | INFO | BI |   Columns: ['TransactionID', 'SaleDate', 'CustomerID', 'ProductID', 'StoreID', 'CampaignID', 'SaleAmount']
2026-07-07 17:24:22 | INFO | BI |   Shape:   2400 rows x 7 columns
2026-07-07 17:24:22 | DEBUG | BI | 
   TransactionID    SaleDate  CustomerID  ProductID  StoreID  CampaignID SaleAmount
0              1  2025-01-09        1020       2023      401         0.0     643.02
1              2  2024-07-10        1034       2091      404         2.0     529.24
2              3  2025-03-22        1087       2035      403         3.0    4313.72
3              4  2024-12-27        1186       2015      404         NaN    1275.85
4              5  2025-04-21        1049       2005      402         0.0    1739.64

2026-07-07 17:24:22 | INFO | BI | CALL a function to check data quality of each dataset........
2026-07-07 17:24:22 | INFO | BI | Quality check: customers
2026-07-07 17:24:22 | INFO | BI |   Total missing values: 0
2026-07-07 17:24:22 | INFO | BI |   Duplicate rows: 1
2026-07-07 17:24:22 | WARNING | BI |   1 duplicate row(s) found - review before loading to warehouse
2026-07-07 17:24:22 | INFO | BI | Quality check: products
2026-07-07 17:24:22 | INFO | BI |   Total missing values: 0
2026-07-07 17:24:22 | INFO | BI |   Duplicate rows: 0
2026-07-07 17:24:22 | INFO | BI | Quality check: sales
2026-07-07 17:24:22 | INFO | BI |   Total missing values: 193
2026-07-07 17:24:22 | WARNING | BI |   Missing by column:
CampaignID    193
dtype: int64
2026-07-07 17:24:22 | INFO | BI |   Duplicate rows: 0
2026-07-07 17:24:22 | INFO | BI | CALL a function to summarize numeric columns in each dataset........
2026-07-07 17:24:22 | INFO | BI | Numeric summary: customers
2026-07-07 17:24:22 | INFO | BI | 
       CustomerID
count      201.00
mean      1099.03
std         58.12
min       1000.00
25%       1049.00
50%       1099.00
75%       1149.00
max       1199.00
2026-07-07 17:24:22 | INFO | BI | Numeric summary: products
2026-07-07 17:24:22 | INFO | BI | 
       ProductID  UnitPrice
count     100.00     100.00
mean     2049.50     507.77
std        29.01     290.80
min      2000.00      13.51
25%      2024.75     255.53
50%      2049.50     496.39
75%      2074.25     771.28
max      2099.00     976.44
2026-07-07 17:24:22 | INFO | BI | Numeric summary: sales
2026-07-07 17:24:23 | INFO | BI | 
       TransactionID  CustomerID  ProductID  StoreID  CampaignID
count        2400.00     2400.00    2400.00  2400.00     2207.00
mean         1200.50     1086.75    2049.07   402.53        1.46
std           692.96       57.32      28.67     1.13        1.12
min             1.00     1000.00    2000.00   401.00        0.00
25%           600.75     1034.00    2023.00   402.00        0.00
50%          1200.50     1079.00    2046.00   403.00        1.00
75%          1800.25     1132.00    2074.00   404.00        2.00
max          2400.00     1199.00    2099.00   404.00        3.00
2026-07-07 17:24:23 | INFO | BI | CALL a function to plot price distribution........
2026-07-07 17:24:23 | INFO | BI | Plotting price distribution
2026-07-07 17:24:25 | INFO | BI | Price distribution chart created
2026-07-07 17:24:25 | INFO | BI | CALL a function to plot sales trend over time........
2026-07-07 17:24:25 | INFO | BI | Plotting sales trend over time
2026-07-07 17:24:25 | INFO | BI | Creating chart: Total Sales by Month
2026-07-07 17:24:25 | INFO | BI | Sales trend chart created
2026-07-07 17:24:25 | INFO | BI | CALL a function to summarize the datasets........
2026-07-07 17:24:25 | INFO | BI | ========================
2026-07-07 17:24:25 | INFO | BI | SUMMARY
2026-07-07 17:24:25 | INFO | BI | ========================
2026-07-07 17:24:25 | INFO | BI | Customers:  201 rows, 4 columns
2026-07-07 17:24:25 | INFO | BI | Products:   100 rows, 4 columns
2026-07-07 17:24:25 | INFO | BI | Sales:      2400 rows, 7 columns
2026-07-07 17:24:25 | INFO | BI | ========================
2026-07-07 17:24:25 | INFO | BI | ANALYST NOTES:
2026-07-07 17:24:25 | INFO | BI | Any inconsistent data should be reviewed later.
2026-07-07 17:24:25 | INFO | BI | Any duplicate rows should be reviewed later.
2026-07-07 17:24:25 | INFO | BI | Cleaning and data preparation will be done in a later module.
2026-07-07 17:24:25 | INFO | BI | ========================
2026-07-07 17:24:25 | INFO | BI | CALL a function to show charts........
2026-07-07 17:25:04 | INFO | BI | Workflow complete
2026-07-07 17:25:04 | INFO | BI | CLOSE chart windows to continue.
2026-07-07 17:25:04 | INFO | BI | Terminate this process with CTRL+c as needed.
2026-07-07 17:25:04 | INFO | BI | ========================
2026-07-07 17:25:04 | INFO | BI | Executed successfully!
2026-07-07 17:25:04 | INFO | BI | ========================
2026-07-07 17:59:44 | INFO | BI | === RUN START ===
2026-07-07 17:59:44 | INFO | BI | project=E-COMMERCE BI
2026-07-07 17:59:44 | INFO | BI | repo_dir=bintel-02-mining
2026-07-07 17:59:44 | INFO | BI | python=3.14.6
2026-07-07 17:59:44 | INFO | BI | os=Windows 10
2026-07-07 17:59:44 | INFO | BI | shell=powershell
2026-07-07 17:59:44 | INFO | BI | cwd=.
2026-07-07 17:59:44 | INFO | BI | github_actions=False
2026-07-07 17:59:44 | INFO | BI | Starting workflow...
2026-07-07 17:59:44 | INFO | BI | Customers: = data\raw\customers.csv
2026-07-07 17:59:44 | INFO | BI | Orders: = data\raw\orders.csv
2026-07-07 17:59:44 | INFO | BI | Web: = data\raw\web_activity.csv
2026-07-07 17:59:44 | INFO | BI | Loading customers from data\raw\customers.csv
2026-07-07 17:59:44 | INFO | BI | Loaded: 8 rows, 5 columns
2026-07-07 17:59:44 | INFO | BI | Loading orders from data\raw\orders.csv
2026-07-07 17:59:44 | INFO | BI | Loaded: 10 rows, 5 columns
2026-07-07 17:59:44 | INFO | BI | Loading web from data\raw\web_activity.csv
2026-07-07 17:59:44 | INFO | BI | Loaded: 10 rows, 5 columns
2026-07-07 17:59:44 | INFO | BI | Inspecting customers
2026-07-07 17:59:44 | INFO | BI |   Columns: ['CustomerID', 'Name', 'Country', 'SignupDate', 'LoyaltyTier']
2026-07-07 17:59:44 | INFO | BI |   Shape:   8 rows x 5 columns
2026-07-07 17:59:44 | DEBUG | BI | 
  CustomerID           Name Country  SignupDate LoyaltyTier
0       C001  Alice Johnson     USA  2025-01-10        Gold
1       C002    Brian Smith     USA  2025-02-15      Silver
2       C003       Chen Wei  Canada  2025-03-20      Bronze
3       C004    Diana Lopez  Mexico  2025-04-05      Silver
4       C005     Emma Brown     USA  2025-05-18        Gold

2026-07-07 17:59:44 | INFO | BI | Inspecting orders
2026-07-07 17:59:44 | INFO | BI |   Columns: ['OrderID', 'CustomerID', 'OrderDate', 'OrderAmount', 'ProductCategory']
2026-07-07 17:59:44 | INFO | BI |   Shape:   10 rows x 5 columns
2026-07-07 17:59:44 | DEBUG | BI | 
  OrderID CustomerID   OrderDate  OrderAmount ProductCategory
0   O1001       C001  2026-01-05       120.50     Electronics
1   O1002       C002  2026-01-10        35.99           Books
2   O1003       C003  2026-01-12        89.99            Home
3   O1004       C001  2026-02-01       220.00     Electronics
4   O1005       C004  2026-02-15        45.00         Fashion

2026-07-07 17:59:44 | INFO | BI | Inspecting web
2026-07-07 17:59:44 | INFO | BI |   Columns: ['SessionID', 'CustomerID', 'VisitDate', 'PagesViewed', 'TimeSpentMinutes']
2026-07-07 17:59:44 | INFO | BI |   Shape:   10 rows x 5 columns
2026-07-07 17:59:44 | DEBUG | BI | 
  SessionID CustomerID   VisitDate  PagesViewed  TimeSpentMinutes
0      S001       C001  2026-01-05           12                18
1      S002       C002  2026-01-10            5                 7
2      S003       C003  2026-01-12            8                12
3      S004       C001  2026-02-01           20                30
4      S005       C004  2026-02-15            6                10

2026-07-07 17:59:44 | INFO | BI | Quality check: customers
2026-07-07 17:59:44 | INFO | BI |   Total missing values: 0
2026-07-07 17:59:44 | INFO | BI |   Duplicate rows: 0
2026-07-07 17:59:44 | INFO | BI | Quality check: orders
2026-07-07 17:59:44 | INFO | BI |   Total missing values: 0
2026-07-07 17:59:44 | INFO | BI |   Duplicate rows: 0
2026-07-07 17:59:44 | INFO | BI | Quality check: web
2026-07-07 17:59:44 | INFO | BI |   Total missing values: 0
2026-07-07 17:59:44 | INFO | BI |   Duplicate rows: 0
2026-07-07 17:59:44 | INFO | BI | Numeric summary: orders
2026-07-07 17:59:44 | INFO | BI | 
       OrderAmount
count        10.00
mean        115.75
std          90.41
min          25.00
25%          48.75
50%          94.99
75%         143.19
max         310.25
2026-07-07 17:59:44 | INFO | BI | Plotting order distribution
2026-07-07 17:59:44 | INFO | BI | Plotting revenue trend
2026-07-07 17:59:44 | INFO | BI | Creating chart: Monthly Revenue Trend
2026-07-07 17:59:44 | INFO | BI | Plotting engagement vs spending
2026-07-07 17:59:44 | INFO | BI | ========================
2026-07-07 17:59:44 | INFO | BI | SUMMARY
2026-07-07 17:59:44 | INFO | BI | ========================
2026-07-07 17:59:44 | INFO | BI | Customers: (8, 5)
2026-07-07 17:59:44 | INFO | BI | Orders:    (10, 5)
2026-07-07 17:59:44 | INFO | BI | Web:       (10, 5)
2026-07-07 17:59:50 | INFO | BI | Done.
2026-07-08 19:53:09 | INFO | BI | === RUN START ===
2026-07-08 19:53:09 | INFO | BI | project=BI
2026-07-08 19:53:09 | INFO | BI | repo_dir=bintel-02-mining
2026-07-08 19:53:09 | INFO | BI | python=3.14.6
2026-07-08 19:53:09 | INFO | BI | os=Windows 10
2026-07-08 19:53:09 | INFO | BI | shell=powershell
2026-07-08 19:53:09 | INFO | BI | cwd=.
2026-07-08 19:53:09 | INFO | BI | github_actions=False
2026-07-08 19:53:09 | INFO | BI | ========================
2026-07-08 19:53:09 | INFO | BI | START main()
2026-07-08 19:53:09 | INFO | BI | ========================
2026-07-08 19:53:09 | INFO | BI | Raw data:  = data\raw
2026-07-08 19:53:09 | INFO | BI | Customers: = data\raw\customers_data.csv
2026-07-08 19:53:09 | INFO | BI | Products:  = data\raw\products_data.csv
2026-07-08 19:53:09 | INFO | BI | Sales:     = data\raw\sales_data.csv
2026-07-08 19:53:09 | INFO | BI | CALL a function to load each dataset.............
2026-07-08 19:53:09 | INFO | BI | Loading customers from data\raw\customers_data.csv
2026-07-08 19:53:09 | INFO | BI | Loaded: 201 rows, 4 columns
2026-07-08 19:53:09 | INFO | BI | Loading products from data\raw\products_data.csv
2026-07-08 19:53:09 | INFO | BI | Loaded: 100 rows, 4 columns
2026-07-08 19:53:09 | INFO | BI | Loading sales from data\raw\sales_data.csv
2026-07-08 19:53:09 | INFO | BI | Loaded: 2400 rows, 7 columns
2026-07-08 19:53:09 | INFO | BI | CALL a function to inspect each dataset..........
2026-07-08 19:53:09 | INFO | BI | Inspecting customers
2026-07-08 19:53:09 | INFO | BI |   Columns: ['CustomerID', 'Name', 'Region', 'JoinDate']
2026-07-08 19:53:09 | INFO | BI |   Shape:   201 rows x 4 columns
2026-07-08 19:53:09 | DEBUG | BI | 
   CustomerID           Name   Region    JoinDate
0        1000   Robert Gomez     West  2024-02-25
1        1001     John Silva     East  2020-12-01
2        1002  Mark Marshall  Central  2020-08-08
3        1003  David Brennan    North  2020-05-21
4        1004  Kerry Collins    North  2023-09-12

2026-07-08 19:53:09 | INFO | BI | Inspecting products
2026-07-08 19:53:09 | INFO | BI |   Columns: ['ProductID', 'ProductName', 'Category', 'UnitPrice']
2026-07-08 19:53:09 | INFO | BI |   Shape:   100 rows x 4 columns
2026-07-08 19:53:09 | DEBUG | BI | 
   ProductID           ProductName     Category  UnitPrice
0       2000    Electronics-Signal  Electronics     969.31
1       2001     Electronics-Boost  Electronics     412.35
2       2002         Office-Family       Office     866.00
3       2003  Electronics-Training  Electronics     385.18
4       2004          Office-Where       Office     927.25

2026-07-08 19:53:09 | INFO | BI | Inspecting sales
2026-07-08 19:53:09 | INFO | BI |   Columns: ['TransactionID', 'SaleDate', 'CustomerID', 'ProductID', 'StoreID', 'CampaignID', 'SaleAmount']
2026-07-08 19:53:09 | INFO | BI |   Shape:   2400 rows x 7 columns
2026-07-08 19:53:09 | DEBUG | BI | 
   TransactionID    SaleDate  CustomerID  ProductID  StoreID  CampaignID SaleAmount
0              1  2025-01-09        1020       2023      401         0.0     643.02
1              2  2024-07-10        1034       2091      404         2.0     529.24
2              3  2025-03-22        1087       2035      403         3.0    4313.72
3              4  2024-12-27        1186       2015      404         NaN    1275.85
4              5  2025-04-21        1049       2005      402         0.0    1739.64

2026-07-08 19:53:09 | INFO | BI | CALL a function to check data quality of each dataset........
2026-07-08 19:53:09 | INFO | BI | Quality check: customers
2026-07-08 19:53:09 | INFO | BI |   Total missing values: 0
2026-07-08 19:53:09 | INFO | BI |   Duplicate rows: 1
2026-07-08 19:53:09 | WARNING | BI |   1 duplicate row(s) found - review before loading to warehouse
2026-07-08 19:53:09 | INFO | BI | Quality check: products
2026-07-08 19:53:09 | INFO | BI |   Total missing values: 0
2026-07-08 19:53:09 | INFO | BI |   Duplicate rows: 0
2026-07-08 19:53:09 | INFO | BI | Quality check: sales
2026-07-08 19:53:09 | INFO | BI |   Total missing values: 193
2026-07-08 19:53:09 | WARNING | BI |   Missing by column:
CampaignID    193
dtype: int64
2026-07-08 19:53:09 | INFO | BI |   Duplicate rows: 0
2026-07-08 19:53:09 | INFO | BI | CALL a function to summarize numeric columns in each dataset........
2026-07-08 19:53:09 | INFO | BI | Numeric summary: customers
2026-07-08 19:53:09 | INFO | BI | 
       CustomerID
count      201.00
mean      1099.03
std         58.12
min       1000.00
25%       1049.00
50%       1099.00
75%       1149.00
max       1199.00
2026-07-08 19:53:09 | INFO | BI | Numeric summary: products
2026-07-08 19:53:09 | INFO | BI | 
       ProductID  UnitPrice
count     100.00     100.00
mean     2049.50     507.77
std        29.01     290.80
min      2000.00      13.51
25%      2024.75     255.53
50%      2049.50     496.39
75%      2074.25     771.28
max      2099.00     976.44
2026-07-08 19:53:09 | INFO | BI | Numeric summary: sales
2026-07-08 19:53:09 | INFO | BI | 
       TransactionID  CustomerID  ProductID  StoreID  CampaignID
count        2400.00     2400.00    2400.00  2400.00     2207.00
mean         1200.50     1086.75    2049.07   402.53        1.46
std           692.96       57.32      28.67     1.13        1.12
min             1.00     1000.00    2000.00   401.00        0.00
25%           600.75     1034.00    2023.00   402.00        0.00
50%          1200.50     1079.00    2046.00   403.00        1.00
75%          1800.25     1132.00    2074.00   404.00        2.00
max          2400.00     1199.00    2099.00   404.00        3.00
2026-07-08 19:53:09 | INFO | BI | CALL a function to summarize KPIs........
